23:00:22 **** Incremental Build of configuration Debug for project Remote Sensor ****
make -j8 all 
arm-none-eabi-gcc "C:/Users/Mateusz/STM32CubeIDE/bck2/remote-measurement-station/Common Source/psrc/ble_decode_callback.c" -mcpu=cortex-m4 -std=gnu11 -g3 -DUSE_HAL_DRIVER -DSTM32_SENSORTILE -DSTM32L476xx -DUSE_STM32L4XX_NUCLEO -c -I../../../Inc -I"C:/Users/Mateusz/STM32CubeIDE/bck2/remote-measurement-station/Common Source/Inc" -I"C:/Users/Mateusz/STM32CubeIDE/bck2/remote-measurement-station/Common Source/Drivers/BSP/Components/Common" -I"C:/Users/Mateusz/STM32CubeIDE/bck2/remote-measurement-station/Common Source/Drivers/BSP/Components/lsm303agr" -I"C:/Users/Mateusz/STM32CubeIDE/bck2/remote-measurement-station/Common Source/Drivers/BSP/Components/lsm6dsm" -I"C:/Users/Mateusz/STM32CubeIDE/bck2/remote-measurement-station/Common Source/Middlewares/ST/BlueNRG-MS/utils" -I"C:/Users/Mateusz/STM32CubeIDE/bck2/remote-measurement-station/Common Source/Middlewares/ST/BlueNRG-MS/includes" -I"C:/Users/Mateusz/STM32CubeIDE/bck2/remote-measurement-station/Common Source/Middlewares/ST/STM32_USB_Device_Library/Core/Inc" -I"C:/Users/Mateusz/STM32CubeIDE/bck2/remote-measurement-station/Common Source/Middlewares/ST/BlueNRG-MS/hci/hci_tl_patterns/Basic" -I"C:/Users/Mateusz/STM32CubeIDE/bck2/remote-measurement-station/Common Source/Middlewares/ST/STM32_USB_Device_Library/Class/CDC/Inc" -I"C:/Users/Mateusz/STM32CubeIDE/bck2/remote-measurement-station/Common Source/Drivers/BSP/Components/lps22hb" -I"C:/Users/Mateusz/STM32CubeIDE/bck2/remote-measurement-station/Common Source/Drivers/BSP/Components/hts221" -I"C:/Users/Mateusz/STM32CubeIDE/bck2/remote-measurement-station/Common Source/Drivers/CMSIS/Include" -I"C:/Users/Mateusz/STM32CubeIDE/bck2/remote-measurement-station/Common Source/Drivers/BSP/SensorTile" -I"C:/Users/Mateusz/STM32CubeIDE/bck2/remote-measurement-station/Common Source/Drivers/STM32L4xx_HAL_Driver/Inc" -I"C:/Users/Mateusz/STM32CubeIDE/bck2/remote-measurement-station/Common Source/Drivers/CMSIS/Device/ST/STM32L4xx/Include" -I"C:/Users/Mateusz/STM32CubeIDE/bck2/remote-measurement-station/Common Source/psrc" -I"C:/Users/Mateusz/STM32CubeIDE/bck2/remote-measurement-station/Common Source/Pin" -I"C:/Users/Mateusz/STM32CubeIDE/bck2/remote-measurement-station/Remote Sensor/BOARD_SPEC" -O0 -ffunction-sections -Wall -fstack-usage -MMD -MP -MF"Remote App/psrc/ble_decode_callback.d" -MT"Remote App/psrc/ble_decode_callback.o" --specs=nano.specs -mfpu=fpv4-sp-d16 -mfloat-abi=hard -mthumb -o "Remote App/psrc/ble_decode_callback.o"
C:/Users/Mateusz/STM32CubeIDE/bck2/remote-measurement-station/Common Source/psrc/ble_decode_callback.c: In function 'BLE_EVNT_CALLBACK':
C:/Users/Mateusz/STM32CubeIDE/bck2/remote-measurement-station/Common Source/psrc/ble_decode_callback.c:717:37: warning: unused variable 'cc' [-Wunused-variable]
         evt_gatt_attr_notification *cc = (void*)blue_evt->data;
                                     ^~
C:/Users/Mateusz/STM32CubeIDE/bck2/remote-measurement-station/Common Source/psrc/ble_decode_callback.c: In function 'DisconnectionComplete_CB':
C:/Users/Mateusz/STM32CubeIDE/bck2/remote-measurement-station/Common Source/psrc/ble_decode_callback.c:874:10: warning: unused variable '__DevNo_DCCB' [-Wunused-variable]
  uint8_t __DevNo_DCCB;
          ^~~~~~~~~~~~
arm-none-eabi-gcc -o "Remote Sensor.elf" @"objects.list"   -mcpu=cortex-m4 -T"../LinkerScript.ld" -Wl,-Map="Remote Sensor.map" -Wl,--gc-sections -static --specs=nano.specs -mfpu=fpv4-sp-d16 -mfloat-abi=hard -mthumb -Wl,--start-group -lc -lm -Wl,--end-group
Finished building target: Remote Sensor.elf
 
arm-none-eabi-size   Remote\ Sensor.elf 
arm-none-eabi-objdump -h -S  Remote\ Sensor.elf  > "Remote Sensor.list"
arm-none-eabi-objcopy  -O binary  Remote\ Sensor.elf  "Remote Sensor.bin"
   text	   data	    bss	    dec	    hex	filename
  52600	    440	  44812	  97852	  17e3c	Remote Sensor.elf
Finished building: default.size.stdout
 
Finished building: Remote Sensor.bin
 
Finished building: Remote Sensor.list
 
arm-none-eabi-objcopy -O binary "Remote Sensor.elf" "BLE_SampleApp.bin"
 
23:00:30 **** Incremental Build of configuration Debug for project Remote Sensor ****
make -j8 all 
arm-none-eabi-gcc "C:/Users/Mateusz/STM32CubeIDE/bck2/remote-measurement-station/Common Source/psrc/ble_decode_callback.c" -mcpu=cortex-m4 -std=gnu11 -g3 -DUSE_HAL_DRIVER -DSTM32_SENSORTILE -DSTM32L476xx -DUSE_STM32L4XX_NUCLEO -c -I../../../Inc -I"C:/Users/Mateusz/STM32CubeIDE/bck2/remote-measurement-station/Common Source/Inc" -I"C:/Users/Mateusz/STM32CubeIDE/bck2/remote-measurement-station/Common Source/Drivers/BSP/Components/Common" -I"C:/Users/Mateusz/STM32CubeIDE/bck2/remote-measurement-station/Common Source/Drivers/BSP/Components/lsm303agr" -I"C:/Users/Mateusz/STM32CubeIDE/bck2/remote-measurement-station/Common Source/Drivers/BSP/Components/lsm6dsm" -I"C:/Users/Mateusz/STM32CubeIDE/bck2/remote-measurement-station/Common Source/Middlewares/ST/BlueNRG-MS/utils" -I"C:/Users/Mateusz/STM32CubeIDE/bck2/remote-measurement-station/Common Source/Middlewares/ST/BlueNRG-MS/includes" -I"C:/Users/Mateusz/STM32CubeIDE/bck2/remote-measurement-station/Common Source/Middlewares/ST/STM32_USB_Device_Library/Core/Inc" -I"C:/Users/Mateusz/STM32CubeIDE/bck2/remote-measurement-station/Common Source/Middlewares/ST/BlueNRG-MS/hci/hci_tl_patterns/Basic" -I"C:/Users/Mateusz/STM32CubeIDE/bck2/remote-measurement-station/Common Source/Middlewares/ST/STM32_USB_Device_Library/Class/CDC/Inc" -I"C:/Users/Mateusz/STM32CubeIDE/bck2/remote-measurement-station/Common Source/Drivers/BSP/Components/lps22hb" -I"C:/Users/Mateusz/STM32CubeIDE/bck2/remote-measurement-station/Common Source/Drivers/BSP/Components/hts221" -I"C:/Users/Mateusz/STM32CubeIDE/bck2/remote-measurement-station/Common Source/Drivers/CMSIS/Include" -I"C:/Users/Mateusz/STM32CubeIDE/bck2/remote-measurement-station/Common Source/Drivers/BSP/SensorTile" -I"C:/Users/Mateusz/STM32CubeIDE/bck2/remote-measurement-station/Common Source/Drivers/STM32L4xx_HAL_Driver/Inc" -I"C:/Users/Mateusz/STM32CubeIDE/bck2/remote-measurement-station/Common Source/Drivers/CMSIS/Device/ST/STM32L4xx/Include" -I"C:/Users/Mateusz/STM32CubeIDE/bck2/remote-measurement-station/Common Source/psrc" -I"C:/Users/Mateusz/STM32CubeIDE/bck2/remote-measurement-station/Common Source/Pin" -I"C:/Users/Mateusz/STM32CubeIDE/bck2/remote-measurement-station/Remote Sensor/BOARD_SPEC" -O0 -ffunction-sections -Wall -fstack-usage -MMD -MP -MF"Remote App/psrc/ble_decode_callback.d" -MT"Remote App/psrc/ble_decode_callback.o" --specs=nano.specs -mfpu=fpv4-sp-d16 -mfloat-abi=hard -mthumb -o "Remote App/psrc/ble_decode_callback.o"
C:/Users/Mateusz/STM32CubeIDE/bck2/remote-measurement-station/Common Source/psrc/ble_decode_callback.c: In function 'BLE_EVNT_CALLBACK':
C:/Users/Mateusz/STM32CubeIDE/bck2/remote-measurement-station/Common Source/psrc/ble_decode_callback.c:717:37: warning: unused variable 'cc' [-Wunused-variable]
         evt_gatt_attr_notification *cc = (void*)blue_evt->data;
                                     ^~
C:/Users/Mateusz/STM32CubeIDE/bck2/remote-measurement-station/Common Source/psrc/ble_decode_callback.c: In function 'DisconnectionComplete_CB':
C:/Users/Mateusz/STM32CubeIDE/bck2/remote-measurement-station/Common Source/psrc/ble_decode_callback.c:874:10: warning: unused variable '__DevNo_DCCB' [-Wunused-variable]
  uint8_t __DevNo_DCCB;
          ^~~~~~~~~~~~
arm-none-eabi-gcc -o "Remote Sensor.elf" @"objects.list"   -mcpu=cortex-m4 -T"../LinkerScript.ld" -Wl,-Map="Remote Sensor.map" -Wl,--gc-sections -static --specs=nano.specs -mfpu=fpv4-sp-d16 -mfloat-abi=hard -mthumb -Wl,--start-group -lc -lm -Wl,--end-group
Finished building target: Remote Sensor.elf
 
arm-none-eabi-size   Remote\ Sensor.elf 
arm-none-eabi-objdump -h -S  Remote\ Sensor.elf  > "Remote Sensor.list"
arm-none-eabi-objcopy  -O binary  Remote\ Sensor.elf  "Remote Sensor.bin"
   text	   data	    bss	    dec	    hex	filename
  52600	    440	  44812	  97852	  17e3c	Remote Sensor.elf
Finished building: default.size.stdout
 
Finished building: Remote Sensor.bin
 
Finished building: Remote Sensor.list
 
arm-none-eabi-objcopy -O binary "Remote Sensor.elf" "BLE_SampleApp.bin"
 
23:13:37 **** Incremental Build of configuration Debug for project Common Source ****
make all 
Error: Cannot find the specified linker script. Check the linker settings in the build configuration.
make: *** [makefile:190: fail-specified-linker-script-missing] Error 2
"make all" terminated with exit code 2. Build might be incomplete.
23:13:49 **** Incremental Build of configuration Debug for project Remote Sensor ****
make -j8 all 
arm-none-eabi-gcc "C:/Users/Mateusz/STM32CubeIDE/bck2/remote-measurement-station/Common Source/psrc/ble_decode_callback.c" -mcpu=cortex-m4 -std=gnu11 -g3 -DUSE_HAL_DRIVER -DSTM32_SENSORTILE -DSTM32L476xx -DUSE_STM32L4XX_NUCLEO -c -I../../../Inc -I"C:/Users/Mateusz/STM32CubeIDE/bck2/remote-measurement-station/Common Source/Inc" -I"C:/Users/Mateusz/STM32CubeIDE/bck2/remote-measurement-station/Common Source/Drivers/BSP/Components/Common" -I"C:/Users/Mateusz/STM32CubeIDE/bck2/remote-measurement-station/Common Source/Drivers/BSP/Components/lsm303agr" -I"C:/Users/Mateusz/STM32CubeIDE/bck2/remote-measurement-station/Common Source/Drivers/BSP/Components/lsm6dsm" -I"C:/Users/Mateusz/STM32CubeIDE/bck2/remote-measurement-station/Common Source/Middlewares/ST/BlueNRG-MS/utils" -I"C:/Users/Mateusz/STM32CubeIDE/bck2/remote-measurement-station/Common Source/Middlewares/ST/BlueNRG-MS/includes" -I"C:/Users/Mateusz/STM32CubeIDE/bck2/remote-measurement-station/Common Source/Middlewares/ST/STM32_USB_Device_Library/Core/Inc" -I"C:/Users/Mateusz/STM32CubeIDE/bck2/remote-measurement-station/Common Source/Middlewares/ST/BlueNRG-MS/hci/hci_tl_patterns/Basic" -I"C:/Users/Mateusz/STM32CubeIDE/bck2/remote-measurement-station/Common Source/Middlewares/ST/STM32_USB_Device_Library/Class/CDC/Inc" -I"C:/Users/Mateusz/STM32CubeIDE/bck2/remote-measurement-station/Common Source/Drivers/BSP/Components/lps22hb" -I"C:/Users/Mateusz/STM32CubeIDE/bck2/remote-measurement-station/Common Source/Drivers/BSP/Components/hts221" -I"C:/Users/Mateusz/STM32CubeIDE/bck2/remote-measurement-station/Common Source/Drivers/CMSIS/Include" -I"C:/Users/Mateusz/STM32CubeIDE/bck2/remote-measurement-station/Common Source/Drivers/BSP/SensorTile" -I"C:/Users/Mateusz/STM32CubeIDE/bck2/remote-measurement-station/Common Source/Drivers/STM32L4xx_HAL_Driver/Inc" -I"C:/Users/Mateusz/STM32CubeIDE/bck2/remote-measurement-station/Common Source/Drivers/CMSIS/Device/ST/STM32L4xx/Include" -I"C:/Users/Mateusz/STM32CubeIDE/bck2/remote-measurement-station/Common Source/psrc" -I"C:/Users/Mateusz/STM32CubeIDE/bck2/remote-measurement-station/Common Source/Pin" -I"C:/Users/Mateusz/STM32CubeIDE/bck2/remote-measurement-station/Remote Sensor/BOARD_SPEC" -O0 -ffunction-sections -Wall -fstack-usage -MMD -MP -MF"Remote App/psrc/ble_decode_callback.d" -MT"Remote App/psrc/ble_decode_callback.o" --specs=nano.specs -mfpu=fpv4-sp-d16 -mfloat-abi=hard -mthumb -o "Remote App/psrc/ble_decode_callback.o"
C:/Users/Mateusz/STM32CubeIDE/bck2/remote-measurement-station/Common Source/psrc/ble_decode_callback.c: In function 'BLE_EVNT_CALLBACK':
C:/Users/Mateusz/STM32CubeIDE/bck2/remote-measurement-station/Common Source/psrc/ble_decode_callback.c:717:37: warning: unused variable 'cc' [-Wunused-variable]
         evt_gatt_attr_notification *cc = (void*)blue_evt->data;
                                     ^~
C:/Users/Mateusz/STM32CubeIDE/bck2/remote-measurement-station/Common Source/psrc/ble_decode_callback.c: In function 'DisconnectionComplete_CB':
C:/Users/Mateusz/STM32CubeIDE/bck2/remote-measurement-station/Common Source/psrc/ble_decode_callback.c:874:10: warning: unused variable '__DevNo_DCCB' [-Wunused-variable]
  uint8_t __DevNo_DCCB;
          ^~~~~~~~~~~~
arm-none-eabi-gcc -o "Remote Sensor.elf" @"objects.list"   -mcpu=cortex-m4 -T"../LinkerScript.ld" -Wl,-Map="Remote Sensor.map" -Wl,--gc-sections -static --specs=nano.specs -mfpu=fpv4-sp-d16 -mfloat-abi=hard -mthumb -Wl,--start-group -lc -lm -Wl,--end-group
Finished building target: Remote Sensor.elf
 
arm-none-eabi-size   Remote\ Sensor.elf 
arm-none-eabi-objdump -h -S  Remote\ Sensor.elf  > "Remote Sensor.list"
arm-none-eabi-objcopy  -O binary  Remote\ Sensor.elf  "Remote Sensor.bin"
   text	   data	    bss	    dec	    hex	filename
  52600	    440	  44812	  97852	  17e3c	Remote Sensor.elf
Finished building: default.size.stdout
 
Finished building: Remote Sensor.bin
 
Finished building: Remote Sensor.list
 
arm-none-eabi-objcopy -O binary "Remote Sensor.elf" "BLE_SampleApp.bin"
 
23:15:07 **** Incremental Build of configuration Debug for project Remote Sensor ****
make -j8 all 
arm-none-eabi-gcc "C:/Users/Mateusz/STM32CubeIDE/bck2/remote-measurement-station/Common Source/psrc/ble_decode_callback.c" -mcpu=cortex-m4 -std=gnu11 -g3 -DUSE_HAL_DRIVER -DSTM32_SENSORTILE -DSTM32L476xx -DUSE_STM32L4XX_NUCLEO -c -I../../../Inc -I"C:/Users/Mateusz/STM32CubeIDE/bck2/remote-measurement-station/Common Source/Inc" -I"C:/Users/Mateusz/STM32CubeIDE/bck2/remote-measurement-station/Common Source/Drivers/BSP/Components/Common" -I"C:/Users/Mateusz/STM32CubeIDE/bck2/remote-measurement-station/Common Source/Drivers/BSP/Components/lsm303agr" -I"C:/Users/Mateusz/STM32CubeIDE/bck2/remote-measurement-station/Common Source/Drivers/BSP/Components/lsm6dsm" -I"C:/Users/Mateusz/STM32CubeIDE/bck2/remote-measurement-station/Common Source/Middlewares/ST/BlueNRG-MS/utils" -I"C:/Users/Mateusz/STM32CubeIDE/bck2/remote-measurement-station/Common Source/Middlewares/ST/BlueNRG-MS/includes" -I"C:/Users/Mateusz/STM32CubeIDE/bck2/remote-measurement-station/Common Source/Middlewares/ST/STM32_USB_Device_Library/Core/Inc" -I"C:/Users/Mateusz/STM32CubeIDE/bck2/remote-measurement-station/Common Source/Middlewares/ST/BlueNRG-MS/hci/hci_tl_patterns/Basic" -I"C:/Users/Mateusz/STM32CubeIDE/bck2/remote-measurement-station/Common Source/Middlewares/ST/STM32_USB_Device_Library/Class/CDC/Inc" -I"C:/Users/Mateusz/STM32CubeIDE/bck2/remote-measurement-station/Common Source/Drivers/BSP/Components/lps22hb" -I"C:/Users/Mateusz/STM32CubeIDE/bck2/remote-measurement-station/Common Source/Drivers/BSP/Components/hts221" -I"C:/Users/Mateusz/STM32CubeIDE/bck2/remote-measurement-station/Common Source/Drivers/CMSIS/Include" -I"C:/Users/Mateusz/STM32CubeIDE/bck2/remote-measurement-station/Common Source/Drivers/BSP/SensorTile" -I"C:/Users/Mateusz/STM32CubeIDE/bck2/remote-measurement-station/Common Source/Drivers/STM32L4xx_HAL_Driver/Inc" -I"C:/Users/Mateusz/STM32CubeIDE/bck2/remote-measurement-station/Common Source/Drivers/CMSIS/Device/ST/STM32L4xx/Include" -I"C:/Users/Mateusz/STM32CubeIDE/bck2/remote-measurement-station/Common Source/psrc" -I"C:/Users/Mateusz/STM32CubeIDE/bck2/remote-measurement-station/Common Source/Pin" -I"C:/Users/Mateusz/STM32CubeIDE/bck2/remote-measurement-station/Remote Sensor/BOARD_SPEC" -O0 -ffunction-sections -Wall -fstack-usage -MMD -MP -MF"Remote App/psrc/ble_decode_callback.d" -MT"Remote App/psrc/ble_decode_callback.o" --specs=nano.specs -mfpu=fpv4-sp-d16 -mfloat-abi=hard -mthumb -o "Remote App/psrc/ble_decode_callback.o"
C:/Users/Mateusz/STM32CubeIDE/bck2/remote-measurement-station/Common Source/psrc/ble_decode_callback.c: In function 'BLE_EVNT_CALLBACK':
C:/Users/Mateusz/STM32CubeIDE/bck2/remote-measurement-station/Common Source/psrc/ble_decode_callback.c:717:37: warning: unused variable 'cc' [-Wunused-variable]
         evt_gatt_attr_notification *cc = (void*)blue_evt->data;
                                     ^~
C:/Users/Mateusz/STM32CubeIDE/bck2/remote-measurement-station/Common Source/psrc/ble_decode_callback.c: In function 'DisconnectionComplete_CB':
C:/Users/Mateusz/STM32CubeIDE/bck2/remote-measurement-station/Common Source/psrc/ble_decode_callback.c:874:10: warning: unused variable '__DevNo_DCCB' [-Wunused-variable]
  uint8_t __DevNo_DCCB;
          ^~~~~~~~~~~~
arm-none-eabi-gcc -o "Remote Sensor.elf" @"objects.list"   -mcpu=cortex-m4 -T"../LinkerScript.ld" -Wl,-Map="Remote Sensor.map" -Wl,--gc-sections -static --specs=nano.specs -mfpu=fpv4-sp-d16 -mfloat-abi=hard -mthumb -Wl,--start-group -lc -lm -Wl,--end-group
Finished building target: Remote Sensor.elf
 
arm-none-eabi-size   Remote\ Sensor.elf 
arm-none-eabi-objdump -h -S  Remote\ Sensor.elf  > "Remote Sensor.list"
arm-none-eabi-objcopy  -O binary  Remote\ Sensor.elf  "Remote Sensor.bin"
   text	   data	    bss	    dec	    hex	filename
  52600	    440	  44812	  97852	  17e3c	Remote Sensor.elf
Finished building: default.size.stdout
 
Finished building: Remote Sensor.bin
 
Finished building: Remote Sensor.list
 
arm-none-eabi-objcopy -O binary "Remote Sensor.elf" "BLE_SampleApp.bin"
 
23:22:50 **** Incremental Build of configuration Debug for project Remote Sensor ****
make -j8 all 
arm-none-eabi-gcc "C:/Users/Mateusz/STM32CubeIDE/bck2/remote-measurement-station/Common Source/psrc/ble_decode_callback.c" -mcpu=cortex-m4 -std=gnu11 -g3 -DUSE_HAL_DRIVER -DSTM32_SENSORTILE -DSTM32L476xx -DUSE_STM32L4XX_NUCLEO -c -I../../../Inc -I"C:/Users/Mateusz/STM32CubeIDE/bck2/remote-measurement-station/Common Source/Inc" -I"C:/Users/Mateusz/STM32CubeIDE/bck2/remote-measurement-station/Common Source/Drivers/BSP/Components/Common" -I"C:/Users/Mateusz/STM32CubeIDE/bck2/remote-measurement-station/Common Source/Drivers/BSP/Components/lsm303agr" -I"C:/Users/Mateusz/STM32CubeIDE/bck2/remote-measurement-station/Common Source/Drivers/BSP/Components/lsm6dsm" -I"C:/Users/Mateusz/STM32CubeIDE/bck2/remote-measurement-station/Common Source/Middlewares/ST/BlueNRG-MS/utils" -I"C:/Users/Mateusz/STM32CubeIDE/bck2/remote-measurement-station/Common Source/Middlewares/ST/BlueNRG-MS/includes" -I"C:/Users/Mateusz/STM32CubeIDE/bck2/remote-measurement-station/Common Source/Middlewares/ST/STM32_USB_Device_Library/Core/Inc" -I"C:/Users/Mateusz/STM32CubeIDE/bck2/remote-measurement-station/Common Source/Middlewares/ST/BlueNRG-MS/hci/hci_tl_patterns/Basic" -I"C:/Users/Mateusz/STM32CubeIDE/bck2/remote-measurement-station/Common Source/Middlewares/ST/STM32_USB_Device_Library/Class/CDC/Inc" -I"C:/Users/Mateusz/STM32CubeIDE/bck2/remote-measurement-station/Common Source/Drivers/BSP/Components/lps22hb" -I"C:/Users/Mateusz/STM32CubeIDE/bck2/remote-measurement-station/Common Source/Drivers/BSP/Components/hts221" -I"C:/Users/Mateusz/STM32CubeIDE/bck2/remote-measurement-station/Common Source/Drivers/CMSIS/Include" -I"C:/Users/Mateusz/STM32CubeIDE/bck2/remote-measurement-station/Common Source/Drivers/BSP/SensorTile" -I"C:/Users/Mateusz/STM32CubeIDE/bck2/remote-measurement-station/Common Source/Drivers/STM32L4xx_HAL_Driver/Inc" -I"C:/Users/Mateusz/STM32CubeIDE/bck2/remote-measurement-station/Common Source/Drivers/CMSIS/Device/ST/STM32L4xx/Include" -I"C:/Users/Mateusz/STM32CubeIDE/bck2/remote-measurement-station/Common Source/psrc" -I"C:/Users/Mateusz/STM32CubeIDE/bck2/remote-measurement-station/Common Source/Pin" -I"C:/Users/Mateusz/STM32CubeIDE/bck2/remote-measurement-station/Remote Sensor/BOARD_SPEC" -O0 -ffunction-sections -Wall -fstack-usage -MMD -MP -MF"Remote App/psrc/ble_decode_callback.d" -MT"Remote App/psrc/ble_decode_callback.o" --specs=nano.specs -mfpu=fpv4-sp-d16 -mfloat-abi=hard -mthumb -o "Remote App/psrc/ble_decode_callback.o"
C:/Users/Mateusz/STM32CubeIDE/bck2/remote-measurement-station/Common Source/psrc/ble_decode_callback.c: In function 'BLE_EVNT_CALLBACK':
C:/Users/Mateusz/STM32CubeIDE/bck2/remote-measurement-station/Common Source/psrc/ble_decode_callback.c:717:37: warning: unused variable 'cc' [-Wunused-variable]
         evt_gatt_attr_notification *cc = (void*)blue_evt->data;
                                     ^~
C:/Users/Mateusz/STM32CubeIDE/bck2/remote-measurement-station/Common Source/psrc/ble_decode_callback.c: In function 'DisconnectionComplete_CB':
C:/Users/Mateusz/STM32CubeIDE/bck2/remote-measurement-station/Common Source/psrc/ble_decode_callback.c:874:10: warning: unused variable '__DevNo_DCCB' [-Wunused-variable]
  uint8_t __DevNo_DCCB;
          ^~~~~~~~~~~~
arm-none-eabi-gcc -o "Remote Sensor.elf" @"objects.list"   -mcpu=cortex-m4 -T"../LinkerScript.ld" -Wl,-Map="Remote Sensor.map" -Wl,--gc-sections -static --specs=nano.specs -mfpu=fpv4-sp-d16 -mfloat-abi=hard -mthumb -Wl,--start-group -lc -lm -Wl,--end-group
Finished building target: Remote Sensor.elf
 
arm-none-eabi-size   Remote\ Sensor.elf 
arm-none-eabi-objdump -h -S  Remote\ Sensor.elf  > "Remote Sensor.list"
arm-none-eabi-objcopy  -O binary  Remote\ Sensor.elf  "Remote Sensor.bin"
   text	   data	    bss	    dec	    hex	filename
  52616	    440	  44812	  97868	  17e4c	Remote Sensor.elf
Finished building: default.size.stdout
 
Finished building: Remote Sensor.bin
 
Finished building: Remote Sensor.list
 
arm-none-eabi-objcopy -O binary "Remote Sensor.elf" "BLE_SampleApp.bin"
 
23:24:51 **** Incremental Build of configuration Debug for project Remote Sensor ****
make -j8 all 
arm-none-eabi-gcc "C:/Users/Mateusz/STM32CubeIDE/bck2/remote-measurement-station/Common Source/psrc/ble_decode_callback.c" -mcpu=cortex-m4 -std=gnu11 -g3 -DUSE_HAL_DRIVER -DSTM32_SENSORTILE -DSTM32L476xx -DUSE_STM32L4XX_NUCLEO -c -I../../../Inc -I"C:/Users/Mateusz/STM32CubeIDE/bck2/remote-measurement-station/Common Source/Inc" -I"C:/Users/Mateusz/STM32CubeIDE/bck2/remote-measurement-station/Common Source/Drivers/BSP/Components/Common" -I"C:/Users/Mateusz/STM32CubeIDE/bck2/remote-measurement-station/Common Source/Drivers/BSP/Components/lsm303agr" -I"C:/Users/Mateusz/STM32CubeIDE/bck2/remote-measurement-station/Common Source/Drivers/BSP/Components/lsm6dsm" -I"C:/Users/Mateusz/STM32CubeIDE/bck2/remote-measurement-station/Common Source/Middlewares/ST/BlueNRG-MS/utils" -I"C:/Users/Mateusz/STM32CubeIDE/bck2/remote-measurement-station/Common Source/Middlewares/ST/BlueNRG-MS/includes" -I"C:/Users/Mateusz/STM32CubeIDE/bck2/remote-measurement-station/Common Source/Middlewares/ST/STM32_USB_Device_Library/Core/Inc" -I"C:/Users/Mateusz/STM32CubeIDE/bck2/remote-measurement-station/Common Source/Middlewares/ST/BlueNRG-MS/hci/hci_tl_patterns/Basic" -I"C:/Users/Mateusz/STM32CubeIDE/bck2/remote-measurement-station/Common Source/Middlewares/ST/STM32_USB_Device_Library/Class/CDC/Inc" -I"C:/Users/Mateusz/STM32CubeIDE/bck2/remote-measurement-station/Common Source/Drivers/BSP/Components/lps22hb" -I"C:/Users/Mateusz/STM32CubeIDE/bck2/remote-measurement-station/Common Source/Drivers/BSP/Components/hts221" -I"C:/Users/Mateusz/STM32CubeIDE/bck2/remote-measurement-station/Common Source/Drivers/CMSIS/Include" -I"C:/Users/Mateusz/STM32CubeIDE/bck2/remote-measurement-station/Common Source/Drivers/BSP/SensorTile" -I"C:/Users/Mateusz/STM32CubeIDE/bck2/remote-measurement-station/Common Source/Drivers/STM32L4xx_HAL_Driver/Inc" -I"C:/Users/Mateusz/STM32CubeIDE/bck2/remote-measurement-station/Common Source/Drivers/CMSIS/Device/ST/STM32L4xx/Include" -I"C:/Users/Mateusz/STM32CubeIDE/bck2/remote-measurement-station/Common Source/psrc" -I"C:/Users/Mateusz/STM32CubeIDE/bck2/remote-measurement-station/Common Source/Pin" -I"C:/Users/Mateusz/STM32CubeIDE/bck2/remote-measurement-station/Remote Sensor/BOARD_SPEC" -O0 -ffunction-sections -Wall -fstack-usage -MMD -MP -MF"Remote App/psrc/ble_decode_callback.d" -MT"Remote App/psrc/ble_decode_callback.o" --specs=nano.specs -mfpu=fpv4-sp-d16 -mfloat-abi=hard -mthumb -o "Remote App/psrc/ble_decode_callback.o"
C:/Users/Mateusz/STM32CubeIDE/bck2/remote-measurement-station/Common Source/psrc/ble_decode_callback.c: In function 'BLE_EVNT_CALLBACK':
C:/Users/Mateusz/STM32CubeIDE/bck2/remote-measurement-station/Common Source/psrc/ble_decode_callback.c:717:37: warning: unused variable 'cc' [-Wunused-variable]
         evt_gatt_attr_notification *cc = (void*)blue_evt->data;
                                     ^~
C:/Users/Mateusz/STM32CubeIDE/bck2/remote-measurement-station/Common Source/psrc/ble_decode_callback.c: In function 'DisconnectionComplete_CB':
C:/Users/Mateusz/STM32CubeIDE/bck2/remote-measurement-station/Common Source/psrc/ble_decode_callback.c:874:10: warning: unused variable '__DevNo_DCCB' [-Wunused-variable]
  uint8_t __DevNo_DCCB;
          ^~~~~~~~~~~~
arm-none-eabi-gcc -o "Remote Sensor.elf" @"objects.list"   -mcpu=cortex-m4 -T"../LinkerScript.ld" -Wl,-Map="Remote Sensor.map" -Wl,--gc-sections -static --specs=nano.specs -mfpu=fpv4-sp-d16 -mfloat-abi=hard -mthumb -Wl,--start-group -lc -lm -Wl,--end-group
Finished building target: Remote Sensor.elf
 
arm-none-eabi-size   Remote\ Sensor.elf 
arm-none-eabi-objdump -h -S  Remote\ Sensor.elf  > "Remote Sensor.list"
arm-none-eabi-objcopy  -O binary  Remote\ Sensor.elf  "Remote Sensor.bin"
   text	   data	    bss	    dec	    hex	filename
  52616	    440	  44812	  97868	  17e4c	Remote Sensor.elf
Finished building: default.size.stdout
 
Finished building: Remote Sensor.bin
 
Finished building: Remote Sensor.list
 
arm-none-eabi-objcopy -O binary "Remote Sensor.elf" "BLE_SampleApp.bin"
 
23:25:12 **** Incremental Build of configuration Debug for project Remote Sensor ****
make -j8 all 
arm-none-eabi-size   Remote\ Sensor.elf 
   text	   data	    bss	    dec	    hex	filename
  52616	    440	  44812	  97868	  17e4c	Remote Sensor.elf
Finished building: default.size.stdout
 
arm-none-eabi-objcopy -O binary "Remote Sensor.elf" "BLE_SampleApp.bin"
 
23:26:58 **** Incremental Build of configuration Debug for project Remote Sensor ****
make -j8 all 
arm-none-eabi-size   Remote\ Sensor.elf 
   text	   data	    bss	    dec	    hex	filename
  52616	    440	  44812	  97868	  17e4c	Remote Sensor.elf
Finished building: default.size.stdout
 
arm-none-eabi-objcopy -O binary "Remote Sensor.elf" "BLE_SampleApp.bin"
 
23:36:34 **** Incremental Build of configuration Debug for project Remote Sensor ****
make -j8 all 
arm-none-eabi-gcc "C:/Users/Mateusz/STM32CubeIDE/bck2/remote-measurement-station/Common Source/psrc/ble_decode_callback.c" -mcpu=cortex-m4 -std=gnu11 -g3 -DUSE_HAL_DRIVER -DSTM32_SENSORTILE -DSTM32L476xx -DUSE_STM32L4XX_NUCLEO -c -I../../../Inc -I"C:/Users/Mateusz/STM32CubeIDE/bck2/remote-measurement-station/Common Source/Inc" -I"C:/Users/Mateusz/STM32CubeIDE/bck2/remote-measurement-station/Common Source/Drivers/BSP/Components/Common" -I"C:/Users/Mateusz/STM32CubeIDE/bck2/remote-measurement-station/Common Source/Drivers/BSP/Components/lsm303agr" -I"C:/Users/Mateusz/STM32CubeIDE/bck2/remote-measurement-station/Common Source/Drivers/BSP/Components/lsm6dsm" -I"C:/Users/Mateusz/STM32CubeIDE/bck2/remote-measurement-station/Common Source/Middlewares/ST/BlueNRG-MS/utils" -I"C:/Users/Mateusz/STM32CubeIDE/bck2/remote-measurement-station/Common Source/Middlewares/ST/BlueNRG-MS/includes" -I"C:/Users/Mateusz/STM32CubeIDE/bck2/remote-measurement-station/Common Source/Middlewares/ST/STM32_USB_Device_Library/Core/Inc" -I"C:/Users/Mateusz/STM32CubeIDE/bck2/remote-measurement-station/Common Source/Middlewares/ST/BlueNRG-MS/hci/hci_tl_patterns/Basic" -I"C:/Users/Mateusz/STM32CubeIDE/bck2/remote-measurement-station/Common Source/Middlewares/ST/STM32_USB_Device_Library/Class/CDC/Inc" -I"C:/Users/Mateusz/STM32CubeIDE/bck2/remote-measurement-station/Common Source/Drivers/BSP/Components/lps22hb" -I"C:/Users/Mateusz/STM32CubeIDE/bck2/remote-measurement-station/Common Source/Drivers/BSP/Components/hts221" -I"C:/Users/Mateusz/STM32CubeIDE/bck2/remote-measurement-station/Common Source/Drivers/CMSIS/Include" -I"C:/Users/Mateusz/STM32CubeIDE/bck2/remote-measurement-station/Common Source/Drivers/BSP/SensorTile" -I"C:/Users/Mateusz/STM32CubeIDE/bck2/remote-measurement-station/Common Source/Drivers/STM32L4xx_HAL_Driver/Inc" -I"C:/Users/Mateusz/STM32CubeIDE/bck2/remote-measurement-station/Common Source/Drivers/CMSIS/Device/ST/STM32L4xx/Include" -I"C:/Users/Mateusz/STM32CubeIDE/bck2/remote-measurement-station/Common Source/psrc" -I"C:/Users/Mateusz/STM32CubeIDE/bck2/remote-measurement-station/Common Source/Pin" -I"C:/Users/Mateusz/STM32CubeIDE/bck2/remote-measurement-station/Remote Sensor/BOARD_SPEC" -O0 -ffunction-sections -Wall -fstack-usage -MMD -MP -MF"Remote App/psrc/ble_decode_callback.d" -MT"Remote App/psrc/ble_decode_callback.o" --specs=nano.specs -mfpu=fpv4-sp-d16 -mfloat-abi=hard -mthumb -o "Remote App/psrc/ble_decode_callback.o"
C:/Users/Mateusz/STM32CubeIDE/bck2/remote-measurement-station/Common Source/psrc/ble_decode_callback.c: In function 'BLE_EVNT_CALLBACK':
C:/Users/Mateusz/STM32CubeIDE/bck2/remote-measurement-station/Common Source/psrc/ble_decode_callback.c:717:37: warning: unused variable 'cc' [-Wunused-variable]
         evt_gatt_attr_notification *cc = (void*)blue_evt->data;
                                     ^~
C:/Users/Mateusz/STM32CubeIDE/bck2/remote-measurement-station/Common Source/psrc/ble_decode_callback.c: In function 'DisconnectionComplete_CB':
C:/Users/Mateusz/STM32CubeIDE/bck2/remote-measurement-station/Common Source/psrc/ble_decode_callback.c:874:10: warning: unused variable '__DevNo_DCCB' [-Wunused-variable]
  uint8_t __DevNo_DCCB;
          ^~~~~~~~~~~~
arm-none-eabi-gcc -o "Remote Sensor.elf" @"objects.list"   -mcpu=cortex-m4 -T"../LinkerScript.ld" -Wl,-Map="Remote Sensor.map" -Wl,--gc-sections -static --specs=nano.specs -mfpu=fpv4-sp-d16 -mfloat-abi=hard -mthumb -Wl,--start-group -lc -lm -Wl,--end-group
Finished building target: Remote Sensor.elf
 
arm-none-eabi-size   Remote\ Sensor.elf 
arm-none-eabi-objdump -h -S  Remote\ Sensor.elf  > "Remote Sensor.list"
arm-none-eabi-objcopy  -O binary  Remote\ Sensor.elf  "Remote Sensor.bin"
   text	   data	    bss	    dec	    hex	filename
  52632	    440	  44812	  97884	  17e5c	Remote Sensor.elf
Finished building: default.size.stdout
 
Finished building: Remote Sensor.bin
 
Finished building: Remote Sensor.list
 
arm-none-eabi-objcopy -O binary "Remote Sensor.elf" "BLE_SampleApp.bin"
 
23:53:44 **** Incremental Build of configuration Debug for project Remote Sensor ****
make -j8 all 
arm-none-eabi-gcc "C:/Users/Mateusz/STM32CubeIDE/bck2/remote-measurement-station/Common Source/psrc/ble_decode_callback.c" -mcpu=cortex-m4 -std=gnu11 -g3 -DUSE_HAL_DRIVER -DSTM32_SENSORTILE -DSTM32L476xx -DUSE_STM32L4XX_NUCLEO -c -I../../../Inc -I"C:/Users/Mateusz/STM32CubeIDE/bck2/remote-measurement-station/Common Source/Inc" -I"C:/Users/Mateusz/STM32CubeIDE/bck2/remote-measurement-station/Common Source/Drivers/BSP/Components/Common" -I"C:/Users/Mateusz/STM32CubeIDE/bck2/remote-measurement-station/Common Source/Drivers/BSP/Components/lsm303agr" -I"C:/Users/Mateusz/STM32CubeIDE/bck2/remote-measurement-station/Common Source/Drivers/BSP/Components/lsm6dsm" -I"C:/Users/Mateusz/STM32CubeIDE/bck2/remote-measurement-station/Common Source/Middlewares/ST/BlueNRG-MS/utils" -I"C:/Users/Mateusz/STM32CubeIDE/bck2/remote-measurement-station/Common Source/Middlewares/ST/BlueNRG-MS/includes" -I"C:/Users/Mateusz/STM32CubeIDE/bck2/remote-measurement-station/Common Source/Middlewares/ST/STM32_USB_Device_Library/Core/Inc" -I"C:/Users/Mateusz/STM32CubeIDE/bck2/remote-measurement-station/Common Source/Middlewares/ST/BlueNRG-MS/hci/hci_tl_patterns/Basic" -I"C:/Users/Mateusz/STM32CubeIDE/bck2/remote-measurement-station/Common Source/Middlewares/ST/STM32_USB_Device_Library/Class/CDC/Inc" -I"C:/Users/Mateusz/STM32CubeIDE/bck2/remote-measurement-station/Common Source/Drivers/BSP/Components/lps22hb" -I"C:/Users/Mateusz/STM32CubeIDE/bck2/remote-measurement-station/Common Source/Drivers/BSP/Components/hts221" -I"C:/Users/Mateusz/STM32CubeIDE/bck2/remote-measurement-station/Common Source/Drivers/CMSIS/Include" -I"C:/Users/Mateusz/STM32CubeIDE/bck2/remote-measurement-station/Common Source/Drivers/BSP/SensorTile" -I"C:/Users/Mateusz/STM32CubeIDE/bck2/remote-measurement-station/Common Source/Drivers/STM32L4xx_HAL_Driver/Inc" -I"C:/Users/Mateusz/STM32CubeIDE/bck2/remote-measurement-station/Common Source/Drivers/CMSIS/Device/ST/STM32L4xx/Include" -I"C:/Users/Mateusz/STM32CubeIDE/bck2/remote-measurement-station/Common Source/psrc" -I"C:/Users/Mateusz/STM32CubeIDE/bck2/remote-measurement-station/Common Source/Pin" -I"C:/Users/Mateusz/STM32CubeIDE/bck2/remote-measurement-station/Remote Sensor/BOARD_SPEC" -O0 -ffunction-sections -Wall -fstack-usage -MMD -MP -MF"Remote App/psrc/ble_decode_callback.d" -MT"Remote App/psrc/ble_decode_callback.o" --specs=nano.specs -mfpu=fpv4-sp-d16 -mfloat-abi=hard -mthumb -o "Remote App/psrc/ble_decode_callback.o"
C:/Users/Mateusz/STM32CubeIDE/bck2/remote-measurement-station/Common Source/psrc/ble_decode_callback.c: In function 'BLE_EVNT_CALLBACK':
C:/Users/Mateusz/STM32CubeIDE/bck2/remote-measurement-station/Common Source/psrc/ble_decode_callback.c:717:37: warning: unused variable 'cc' [-Wunused-variable]
         evt_gatt_attr_notification *cc = (void*)blue_evt->data;
                                     ^~
C:/Users/Mateusz/STM32CubeIDE/bck2/remote-measurement-station/Common Source/psrc/ble_decode_callback.c: In function 'DisconnectionComplete_CB':
C:/Users/Mateusz/STM32CubeIDE/bck2/remote-measurement-station/Common Source/psrc/ble_decode_callback.c:874:10: warning: unused variable '__DevNo_DCCB' [-Wunused-variable]
  uint8_t __DevNo_DCCB;
          ^~~~~~~~~~~~
arm-none-eabi-gcc -o "Remote Sensor.elf" @"objects.list"   -mcpu=cortex-m4 -T"../LinkerScript.ld" -Wl,-Map="Remote Sensor.map" -Wl,--gc-sections -static --specs=nano.specs -mfpu=fpv4-sp-d16 -mfloat-abi=hard -mthumb -Wl,--start-group -lc -lm -Wl,--end-group
Finished building target: Remote Sensor.elf
 
arm-none-eabi-size   Remote\ Sensor.elf 
arm-none-eabi-objdump -h -S  Remote\ Sensor.elf  > "Remote Sensor.list"
arm-none-eabi-objcopy  -O binary  Remote\ Sensor.elf  "Remote Sensor.bin"
   text	   data	    bss	    dec	    hex	filename
  52624	    440	  44812	  97876	  17e54	Remote Sensor.elf
Finished building: default.size.stdout
 
Finished building: Remote Sensor.bin
 
Finished building: Remote Sensor.list
 
arm-none-eabi-objcopy -O binary "Remote Sensor.elf" "BLE_SampleApp.bin"
 
23:58:47 **** Incremental Build of configuration Debug for project Remote Sensor ****
make -j8 all 
arm-none-eabi-gcc "C:/Users/Mateusz/STM32CubeIDE/bck2/remote-measurement-station/Common Source/psrc/ble_decode_callback.c" -mcpu=cortex-m4 -std=gnu11 -g3 -DUSE_HAL_DRIVER -DSTM32_SENSORTILE -DSTM32L476xx -DUSE_STM32L4XX_NUCLEO -c -I../../../Inc -I"C:/Users/Mateusz/STM32CubeIDE/bck2/remote-measurement-station/Common Source/Inc" -I"C:/Users/Mateusz/STM32CubeIDE/bck2/remote-measurement-station/Common Source/Drivers/BSP/Components/Common" -I"C:/Users/Mateusz/STM32CubeIDE/bck2/remote-measurement-station/Common Source/Drivers/BSP/Components/lsm303agr" -I"C:/Users/Mateusz/STM32CubeIDE/bck2/remote-measurement-station/Common Source/Drivers/BSP/Components/lsm6dsm" -I"C:/Users/Mateusz/STM32CubeIDE/bck2/remote-measurement-station/Common Source/Middlewares/ST/BlueNRG-MS/utils" -I"C:/Users/Mateusz/STM32CubeIDE/bck2/remote-measurement-station/Common Source/Middlewares/ST/BlueNRG-MS/includes" -I"C:/Users/Mateusz/STM32CubeIDE/bck2/remote-measurement-station/Common Source/Middlewares/ST/STM32_USB_Device_Library/Core/Inc" -I"C:/Users/Mateusz/STM32CubeIDE/bck2/remote-measurement-station/Common Source/Middlewares/ST/BlueNRG-MS/hci/hci_tl_patterns/Basic" -I"C:/Users/Mateusz/STM32CubeIDE/bck2/remote-measurement-station/Common Source/Middlewares/ST/STM32_USB_Device_Library/Class/CDC/Inc" -I"C:/Users/Mateusz/STM32CubeIDE/bck2/remote-measurement-station/Common Source/Drivers/BSP/Components/lps22hb" -I"C:/Users/Mateusz/STM32CubeIDE/bck2/remote-measurement-station/Common Source/Drivers/BSP/Components/hts221" -I"C:/Users/Mateusz/STM32CubeIDE/bck2/remote-measurement-station/Common Source/Drivers/CMSIS/Include" -I"C:/Users/Mateusz/STM32CubeIDE/bck2/remote-measurement-station/Common Source/Drivers/BSP/SensorTile" -I"C:/Users/Mateusz/STM32CubeIDE/bck2/remote-measurement-station/Common Source/Drivers/STM32L4xx_HAL_Driver/Inc" -I"C:/Users/Mateusz/STM32CubeIDE/bck2/remote-measurement-station/Common Source/Drivers/CMSIS/Device/ST/STM32L4xx/Include" -I"C:/Users/Mateusz/STM32CubeIDE/bck2/remote-measurement-station/Common Source/psrc" -I"C:/Users/Mateusz/STM32CubeIDE/bck2/remote-measurement-station/Common Source/Pin" -I"C:/Users/Mateusz/STM32CubeIDE/bck2/remote-measurement-station/Remote Sensor/BOARD_SPEC" -O0 -ffunction-sections -Wall -fstack-usage -MMD -MP -MF"Remote App/psrc/ble_decode_callback.d" -MT"Remote App/psrc/ble_decode_callback.o" --specs=nano.specs -mfpu=fpv4-sp-d16 -mfloat-abi=hard -mthumb -o "Remote App/psrc/ble_decode_callback.o"
C:/Users/Mateusz/STM32CubeIDE/bck2/remote-measurement-station/Common Source/psrc/ble_decode_callback.c: In function 'BLE_EVNT_CALLBACK':
C:/Users/Mateusz/STM32CubeIDE/bck2/remote-measurement-station/Common Source/psrc/ble_decode_callback.c:717:37: warning: unused variable 'cc' [-Wunused-variable]
         evt_gatt_attr_notification *cc = (void*)blue_evt->data;
                                     ^~
C:/Users/Mateusz/STM32CubeIDE/bck2/remote-measurement-station/Common Source/psrc/ble_decode_callback.c: In function 'DisconnectionComplete_CB':
C:/Users/Mateusz/STM32CubeIDE/bck2/remote-measurement-station/Common Source/psrc/ble_decode_callback.c:874:10: warning: unused variable '__DevNo_DCCB' [-Wunused-variable]
  uint8_t __DevNo_DCCB;
          ^~~~~~~~~~~~
arm-none-eabi-gcc -o "Remote Sensor.elf" @"objects.list"   -mcpu=cortex-m4 -T"../LinkerScript.ld" -Wl,-Map="Remote Sensor.map" -Wl,--gc-sections -static --specs=nano.specs -mfpu=fpv4-sp-d16 -mfloat-abi=hard -mthumb -Wl,--start-group -lc -lm -Wl,--end-group
Finished building target: Remote Sensor.elf
 
arm-none-eabi-size   Remote\ Sensor.elf 
arm-none-eabi-objdump -h -S  Remote\ Sensor.elf  > "Remote Sensor.list"
arm-none-eabi-objcopy  -O binary  Remote\ Sensor.elf  "Remote Sensor.bin"
   text	   data	    bss	    dec	    hex	filename
  52624	    440	  44812	  97876	  17e54	Remote Sensor.elf
Finished building: default.size.stdout
 
Finished building: Remote Sensor.bin
 
Finished building: Remote Sensor.list
 
arm-none-eabi-objcopy -O binary "Remote Sensor.elf" "BLE_SampleApp.bin"
 
00:00:10 **** Incremental Build of configuration Debug for project Remote Sensor ****
make -j8 all 
arm-none-eabi-size   Remote\ Sensor.elf 
   text	   data	    bss	    dec	    hex	filename
  52624	    440	  44812	  97876	  17e54	Remote Sensor.elf
Finished building: default.size.stdout
 
arm-none-eabi-objcopy -O binary "Remote Sensor.elf" "BLE_SampleApp.bin"
 
00:01:09 **** Incremental Build of configuration Debug for project Remote Sensor ****
make -j8 all 
arm-none-eabi-gcc "C:/Users/Mateusz/STM32CubeIDE/bck2/remote-measurement-station/Common Source/psrc/ble_decode_callback.c" -mcpu=cortex-m4 -std=gnu11 -g3 -DUSE_HAL_DRIVER -DSTM32_SENSORTILE -DSTM32L476xx -DUSE_STM32L4XX_NUCLEO -c -I../../../Inc -I"C:/Users/Mateusz/STM32CubeIDE/bck2/remote-measurement-station/Common Source/Inc" -I"C:/Users/Mateusz/STM32CubeIDE/bck2/remote-measurement-station/Common Source/Drivers/BSP/Components/Common" -I"C:/Users/Mateusz/STM32CubeIDE/bck2/remote-measurement-station/Common Source/Drivers/BSP/Components/lsm303agr" -I"C:/Users/Mateusz/STM32CubeIDE/bck2/remote-measurement-station/Common Source/Drivers/BSP/Components/lsm6dsm" -I"C:/Users/Mateusz/STM32CubeIDE/bck2/remote-measurement-station/Common Source/Middlewares/ST/BlueNRG-MS/utils" -I"C:/Users/Mateusz/STM32CubeIDE/bck2/remote-measurement-station/Common Source/Middlewares/ST/BlueNRG-MS/includes" -I"C:/Users/Mateusz/STM32CubeIDE/bck2/remote-measurement-station/Common Source/Middlewares/ST/STM32_USB_Device_Library/Core/Inc" -I"C:/Users/Mateusz/STM32CubeIDE/bck2/remote-measurement-station/Common Source/Middlewares/ST/BlueNRG-MS/hci/hci_tl_patterns/Basic" -I"C:/Users/Mateusz/STM32CubeIDE/bck2/remote-measurement-station/Common Source/Middlewares/ST/STM32_USB_Device_Library/Class/CDC/Inc" -I"C:/Users/Mateusz/STM32CubeIDE/bck2/remote-measurement-station/Common Source/Drivers/BSP/Components/lps22hb" -I"C:/Users/Mateusz/STM32CubeIDE/bck2/remote-measurement-station/Common Source/Drivers/BSP/Components/hts221" -I"C:/Users/Mateusz/STM32CubeIDE/bck2/remote-measurement-station/Common Source/Drivers/CMSIS/Include" -I"C:/Users/Mateusz/STM32CubeIDE/bck2/remote-measurement-station/Common Source/Drivers/BSP/SensorTile" -I"C:/Users/Mateusz/STM32CubeIDE/bck2/remote-measurement-station/Common Source/Drivers/STM32L4xx_HAL_Driver/Inc" -I"C:/Users/Mateusz/STM32CubeIDE/bck2/remote-measurement-station/Common Source/Drivers/CMSIS/Device/ST/STM32L4xx/Include" -I"C:/Users/Mateusz/STM32CubeIDE/bck2/remote-measurement-station/Common Source/psrc" -I"C:/Users/Mateusz/STM32CubeIDE/bck2/remote-measurement-station/Common Source/Pin" -I"C:/Users/Mateusz/STM32CubeIDE/bck2/remote-measurement-station/Remote Sensor/BOARD_SPEC" -O0 -ffunction-sections -Wall -fstack-usage -MMD -MP -MF"Remote App/psrc/ble_decode_callback.d" -MT"Remote App/psrc/ble_decode_callback.o" --specs=nano.specs -mfpu=fpv4-sp-d16 -mfloat-abi=hard -mthumb -o "Remote App/psrc/ble_decode_callback.o"
C:/Users/Mateusz/STM32CubeIDE/bck2/remote-measurement-station/Common Source/psrc/ble_decode_callback.c: In function 'BLE_EVNT_CALLBACK':
C:/Users/Mateusz/STM32CubeIDE/bck2/remote-measurement-station/Common Source/psrc/ble_decode_callback.c:717:37: warning: unused variable 'cc' [-Wunused-variable]
         evt_gatt_attr_notification *cc = (void*)blue_evt->data;
                                     ^~
C:/Users/Mateusz/STM32CubeIDE/bck2/remote-measurement-station/Common Source/psrc/ble_decode_callback.c: In function 'DisconnectionComplete_CB':
C:/Users/Mateusz/STM32CubeIDE/bck2/remote-measurement-station/Common Source/psrc/ble_decode_callback.c:874:10: warning: unused variable '__DevNo_DCCB' [-Wunused-variable]
  uint8_t __DevNo_DCCB;
          ^~~~~~~~~~~~
arm-none-eabi-gcc -o "Remote Sensor.elf" @"objects.list"   -mcpu=cortex-m4 -T"../LinkerScript.ld" -Wl,-Map="Remote Sensor.map" -Wl,--gc-sections -static --specs=nano.specs -mfpu=fpv4-sp-d16 -mfloat-abi=hard -mthumb -Wl,--start-group -lc -lm -Wl,--end-group
Finished building target: Remote Sensor.elf
 
arm-none-eabi-size   Remote\ Sensor.elf 
arm-none-eabi-objdump -h -S  Remote\ Sensor.elf  > "Remote Sensor.list"
arm-none-eabi-objcopy  -O binary  Remote\ Sensor.elf  "Remote Sensor.bin"
   text	   data	    bss	    dec	    hex	filename
  52632	    440	  44812	  97884	  17e5c	Remote Sensor.elf
Finished building: default.size.stdout
 
Finished building: Remote Sensor.bin
 
Finished building: Remote Sensor.list
 
arm-none-eabi-objcopy -O binary "Remote Sensor.elf" "BLE_SampleApp.bin"
 
00:01:24 **** Incremental Build of configuration Debug for project Remote Sensor ****
make -j8 all 
arm-none-eabi-gcc "C:/Users/Mateusz/STM32CubeIDE/bck2/remote-measurement-station/Common Source/psrc/ble_decode_callback.c" -mcpu=cortex-m4 -std=gnu11 -g3 -DUSE_HAL_DRIVER -DSTM32_SENSORTILE -DSTM32L476xx -DUSE_STM32L4XX_NUCLEO -c -I../../../Inc -I"C:/Users/Mateusz/STM32CubeIDE/bck2/remote-measurement-station/Common Source/Inc" -I"C:/Users/Mateusz/STM32CubeIDE/bck2/remote-measurement-station/Common Source/Drivers/BSP/Components/Common" -I"C:/Users/Mateusz/STM32CubeIDE/bck2/remote-measurement-station/Common Source/Drivers/BSP/Components/lsm303agr" -I"C:/Users/Mateusz/STM32CubeIDE/bck2/remote-measurement-station/Common Source/Drivers/BSP/Components/lsm6dsm" -I"C:/Users/Mateusz/STM32CubeIDE/bck2/remote-measurement-station/Common Source/Middlewares/ST/BlueNRG-MS/utils" -I"C:/Users/Mateusz/STM32CubeIDE/bck2/remote-measurement-station/Common Source/Middlewares/ST/BlueNRG-MS/includes" -I"C:/Users/Mateusz/STM32CubeIDE/bck2/remote-measurement-station/Common Source/Middlewares/ST/STM32_USB_Device_Library/Core/Inc" -I"C:/Users/Mateusz/STM32CubeIDE/bck2/remote-measurement-station/Common Source/Middlewares/ST/BlueNRG-MS/hci/hci_tl_patterns/Basic" -I"C:/Users/Mateusz/STM32CubeIDE/bck2/remote-measurement-station/Common Source/Middlewares/ST/STM32_USB_Device_Library/Class/CDC/Inc" -I"C:/Users/Mateusz/STM32CubeIDE/bck2/remote-measurement-station/Common Source/Drivers/BSP/Components/lps22hb" -I"C:/Users/Mateusz/STM32CubeIDE/bck2/remote-measurement-station/Common Source/Drivers/BSP/Components/hts221" -I"C:/Users/Mateusz/STM32CubeIDE/bck2/remote-measurement-station/Common Source/Drivers/CMSIS/Include" -I"C:/Users/Mateusz/STM32CubeIDE/bck2/remote-measurement-station/Common Source/Drivers/BSP/SensorTile" -I"C:/Users/Mateusz/STM32CubeIDE/bck2/remote-measurement-station/Common Source/Drivers/STM32L4xx_HAL_Driver/Inc" -I"C:/Users/Mateusz/STM32CubeIDE/bck2/remote-measurement-station/Common Source/Drivers/CMSIS/Device/ST/STM32L4xx/Include" -I"C:/Users/Mateusz/STM32CubeIDE/bck2/remote-measurement-station/Common Source/psrc" -I"C:/Users/Mateusz/STM32CubeIDE/bck2/remote-measurement-station/Common Source/Pin" -I"C:/Users/Mateusz/STM32CubeIDE/bck2/remote-measurement-station/Remote Sensor/BOARD_SPEC" -O0 -ffunction-sections -Wall -fstack-usage -MMD -MP -MF"Remote App/psrc/ble_decode_callback.d" -MT"Remote App/psrc/ble_decode_callback.o" --specs=nano.specs -mfpu=fpv4-sp-d16 -mfloat-abi=hard -mthumb -o "Remote App/psrc/ble_decode_callback.o"
C:/Users/Mateusz/STM32CubeIDE/bck2/remote-measurement-station/Common Source/psrc/ble_decode_callback.c: In function 'BLE_EVNT_CALLBACK':
C:/Users/Mateusz/STM32CubeIDE/bck2/remote-measurement-station/Common Source/psrc/ble_decode_callback.c:717:37: warning: unused variable 'cc' [-Wunused-variable]
         evt_gatt_attr_notification *cc = (void*)blue_evt->data;
                                     ^~
C:/Users/Mateusz/STM32CubeIDE/bck2/remote-measurement-station/Common Source/psrc/ble_decode_callback.c: In function 'DisconnectionComplete_CB':
C:/Users/Mateusz/STM32CubeIDE/bck2/remote-measurement-station/Common Source/psrc/ble_decode_callback.c:874:10: warning: unused variable '__DevNo_DCCB' [-Wunused-variable]
  uint8_t __DevNo_DCCB;
          ^~~~~~~~~~~~
arm-none-eabi-gcc -o "Remote Sensor.elf" @"objects.list"   -mcpu=cortex-m4 -T"../LinkerScript.ld" -Wl,-Map="Remote Sensor.map" -Wl,--gc-sections -static --specs=nano.specs -mfpu=fpv4-sp-d16 -mfloat-abi=hard -mthumb -Wl,--start-group -lc -lm -Wl,--end-group
Finished building target: Remote Sensor.elf
 
arm-none-eabi-size   Remote\ Sensor.elf 
arm-none-eabi-objdump -h -S  Remote\ Sensor.elf  > "Remote Sensor.list"
arm-none-eabi-objcopy  -O binary  Remote\ Sensor.elf  "Remote Sensor.bin"
   text	   data	    bss	    dec	    hex	filename
  52632	    440	  44812	  97884	  17e5c	Remote Sensor.elf
Finished building: default.size.stdout
 
Finished building: Remote Sensor.bin
 
Finished building: Remote Sensor.list
 
arm-none-eabi-objcopy -O binary "Remote Sensor.elf" "BLE_SampleApp.bin"
 
00:03:11 **** Incremental Build of configuration Debug for project Remote Sensor ****
make -j8 all 
arm-none-eabi-gcc "C:/Users/Mateusz/STM32CubeIDE/bck2/remote-measurement-station/Common Source/psrc/ble_decode_callback.c" -mcpu=cortex-m4 -std=gnu11 -g3 -DUSE_HAL_DRIVER -DSTM32_SENSORTILE -DSTM32L476xx -DUSE_STM32L4XX_NUCLEO -c -I../../../Inc -I"C:/Users/Mateusz/STM32CubeIDE/bck2/remote-measurement-station/Common Source/Inc" -I"C:/Users/Mateusz/STM32CubeIDE/bck2/remote-measurement-station/Common Source/Drivers/BSP/Components/Common" -I"C:/Users/Mateusz/STM32CubeIDE/bck2/remote-measurement-station/Common Source/Drivers/BSP/Components/lsm303agr" -I"C:/Users/Mateusz/STM32CubeIDE/bck2/remote-measurement-station/Common Source/Drivers/BSP/Components/lsm6dsm" -I"C:/Users/Mateusz/STM32CubeIDE/bck2/remote-measurement-station/Common Source/Middlewares/ST/BlueNRG-MS/utils" -I"C:/Users/Mateusz/STM32CubeIDE/bck2/remote-measurement-station/Common Source/Middlewares/ST/BlueNRG-MS/includes" -I"C:/Users/Mateusz/STM32CubeIDE/bck2/remote-measurement-station/Common Source/Middlewares/ST/STM32_USB_Device_Library/Core/Inc" -I"C:/Users/Mateusz/STM32CubeIDE/bck2/remote-measurement-station/Common Source/Middlewares/ST/BlueNRG-MS/hci/hci_tl_patterns/Basic" -I"C:/Users/Mateusz/STM32CubeIDE/bck2/remote-measurement-station/Common Source/Middlewares/ST/STM32_USB_Device_Library/Class/CDC/Inc" -I"C:/Users/Mateusz/STM32CubeIDE/bck2/remote-measurement-station/Common Source/Drivers/BSP/Components/lps22hb" -I"C:/Users/Mateusz/STM32CubeIDE/bck2/remote-measurement-station/Common Source/Drivers/BSP/Components/hts221" -I"C:/Users/Mateusz/STM32CubeIDE/bck2/remote-measurement-station/Common Source/Drivers/CMSIS/Include" -I"C:/Users/Mateusz/STM32CubeIDE/bck2/remote-measurement-station/Common Source/Drivers/BSP/SensorTile" -I"C:/Users/Mateusz/STM32CubeIDE/bck2/remote-measurement-station/Common Source/Drivers/STM32L4xx_HAL_Driver/Inc" -I"C:/Users/Mateusz/STM32CubeIDE/bck2/remote-measurement-station/Common Source/Drivers/CMSIS/Device/ST/STM32L4xx/Include" -I"C:/Users/Mateusz/STM32CubeIDE/bck2/remote-measurement-station/Common Source/psrc" -I"C:/Users/Mateusz/STM32CubeIDE/bck2/remote-measurement-station/Common Source/Pin" -I"C:/Users/Mateusz/STM32CubeIDE/bck2/remote-measurement-station/Remote Sensor/BOARD_SPEC" -O0 -ffunction-sections -Wall -fstack-usage -MMD -MP -MF"Remote App/psrc/ble_decode_callback.d" -MT"Remote App/psrc/ble_decode_callback.o" --specs=nano.specs -mfpu=fpv4-sp-d16 -mfloat-abi=hard -mthumb -o "Remote App/psrc/ble_decode_callback.o"
C:/Users/Mateusz/STM32CubeIDE/bck2/remote-measurement-station/Common Source/psrc/ble_decode_callback.c: In function 'BLE_EVNT_CALLBACK':
C:/Users/Mateusz/STM32CubeIDE/bck2/remote-measurement-station/Common Source/psrc/ble_decode_callback.c:717:37: warning: unused variable 'cc' [-Wunused-variable]
         evt_gatt_attr_notification *cc = (void*)blue_evt->data;
                                     ^~
C:/Users/Mateusz/STM32CubeIDE/bck2/remote-measurement-station/Common Source/psrc/ble_decode_callback.c: In function 'DisconnectionComplete_CB':
C:/Users/Mateusz/STM32CubeIDE/bck2/remote-measurement-station/Common Source/psrc/ble_decode_callback.c:874:10: warning: unused variable '__DevNo_DCCB' [-Wunused-variable]
  uint8_t __DevNo_DCCB;
          ^~~~~~~~~~~~
arm-none-eabi-gcc -o "Remote Sensor.elf" @"objects.list"   -mcpu=cortex-m4 -T"../LinkerScript.ld" -Wl,-Map="Remote Sensor.map" -Wl,--gc-sections -static --specs=nano.specs -mfpu=fpv4-sp-d16 -mfloat-abi=hard -mthumb -Wl,--start-group -lc -lm -Wl,--end-group
Finished building target: Remote Sensor.elf
 
arm-none-eabi-size   Remote\ Sensor.elf 
arm-none-eabi-objdump -h -S  Remote\ Sensor.elf  > "Remote Sensor.list"
arm-none-eabi-objcopy  -O binary  Remote\ Sensor.elf  "Remote Sensor.bin"
   text	   data	    bss	    dec	    hex	filename
  52640	    440	  44812	  97892	  17e64	Remote Sensor.elf
Finished building: default.size.stdout
 
Finished building: Remote Sensor.bin
 
Finished building: Remote Sensor.list
 
arm-none-eabi-objcopy -O binary "Remote Sensor.elf" "BLE_SampleApp.bin"
 
00:08:02 **** Incremental Build of configuration Debug for project Remote Sensor ****
make -j8 all 
arm-none-eabi-size   Remote\ Sensor.elf 
   text	   data	    bss	    dec	    hex	filename
  52640	    440	  44812	  97892	  17e64	Remote Sensor.elf
Finished building: default.size.stdout
 
arm-none-eabi-objcopy -O binary "Remote Sensor.elf" "BLE_SampleApp.bin"
 
00:11:54 **** Incremental Build of configuration Debug for project Remote Sensor ****
make -j8 all 
arm-none-eabi-gcc "C:/Users/Mateusz/STM32CubeIDE/bck2/remote-measurement-station/Common Source/psrc/ble_decode_callback.c" -mcpu=cortex-m4 -std=gnu11 -g3 -DUSE_HAL_DRIVER -DSTM32_SENSORTILE -DSTM32L476xx -DUSE_STM32L4XX_NUCLEO -c -I../../../Inc -I"C:/Users/Mateusz/STM32CubeIDE/bck2/remote-measurement-station/Common Source/Inc" -I"C:/Users/Mateusz/STM32CubeIDE/bck2/remote-measurement-station/Common Source/Drivers/BSP/Components/Common" -I"C:/Users/Mateusz/STM32CubeIDE/bck2/remote-measurement-station/Common Source/Drivers/BSP/Components/lsm303agr" -I"C:/Users/Mateusz/STM32CubeIDE/bck2/remote-measurement-station/Common Source/Drivers/BSP/Components/lsm6dsm" -I"C:/Users/Mateusz/STM32CubeIDE/bck2/remote-measurement-station/Common Source/Middlewares/ST/BlueNRG-MS/utils" -I"C:/Users/Mateusz/STM32CubeIDE/bck2/remote-measurement-station/Common Source/Middlewares/ST/BlueNRG-MS/includes" -I"C:/Users/Mateusz/STM32CubeIDE/bck2/remote-measurement-station/Common Source/Middlewares/ST/STM32_USB_Device_Library/Core/Inc" -I"C:/Users/Mateusz/STM32CubeIDE/bck2/remote-measurement-station/Common Source/Middlewares/ST/BlueNRG-MS/hci/hci_tl_patterns/Basic" -I"C:/Users/Mateusz/STM32CubeIDE/bck2/remote-measurement-station/Common Source/Middlewares/ST/STM32_USB_Device_Library/Class/CDC/Inc" -I"C:/Users/Mateusz/STM32CubeIDE/bck2/remote-measurement-station/Common Source/Drivers/BSP/Components/lps22hb" -I"C:/Users/Mateusz/STM32CubeIDE/bck2/remote-measurement-station/Common Source/Drivers/BSP/Components/hts221" -I"C:/Users/Mateusz/STM32CubeIDE/bck2/remote-measurement-station/Common Source/Drivers/CMSIS/Include" -I"C:/Users/Mateusz/STM32CubeIDE/bck2/remote-measurement-station/Common Source/Drivers/BSP/SensorTile" -I"C:/Users/Mateusz/STM32CubeIDE/bck2/remote-measurement-station/Common Source/Drivers/STM32L4xx_HAL_Driver/Inc" -I"C:/Users/Mateusz/STM32CubeIDE/bck2/remote-measurement-station/Common Source/Drivers/CMSIS/Device/ST/STM32L4xx/Include" -I"C:/Users/Mateusz/STM32CubeIDE/bck2/remote-measurement-station/Common Source/psrc" -I"C:/Users/Mateusz/STM32CubeIDE/bck2/remote-measurement-station/Common Source/Pin" -I"C:/Users/Mateusz/STM32CubeIDE/bck2/remote-measurement-station/Remote Sensor/BOARD_SPEC" -O0 -ffunction-sections -Wall -fstack-usage -MMD -MP -MF"Remote App/psrc/ble_decode_callback.d" -MT"Remote App/psrc/ble_decode_callback.o" --specs=nano.specs -mfpu=fpv4-sp-d16 -mfloat-abi=hard -mthumb -o "Remote App/psrc/ble_decode_callback.o"
C:/Users/Mateusz/STM32CubeIDE/bck2/remote-measurement-station/Common Source/psrc/ble_decode_callback.c: In function 'BLE_EVNT_CALLBACK':
C:/Users/Mateusz/STM32CubeIDE/bck2/remote-measurement-station/Common Source/psrc/ble_decode_callback.c:717:37: warning: unused variable 'cc' [-Wunused-variable]
         evt_gatt_attr_notification *cc = (void*)blue_evt->data;
                                     ^~
C:/Users/Mateusz/STM32CubeIDE/bck2/remote-measurement-station/Common Source/psrc/ble_decode_callback.c: In function 'DisconnectionComplete_CB':
C:/Users/Mateusz/STM32CubeIDE/bck2/remote-measurement-station/Common Source/psrc/ble_decode_callback.c:874:10: warning: unused variable '__DevNo_DCCB' [-Wunused-variable]
  uint8_t __DevNo_DCCB;
          ^~~~~~~~~~~~
arm-none-eabi-gcc -o "Remote Sensor.elf" @"objects.list"   -mcpu=cortex-m4 -T"../LinkerScript.ld" -Wl,-Map="Remote Sensor.map" -Wl,--gc-sections -static --specs=nano.specs -mfpu=fpv4-sp-d16 -mfloat-abi=hard -mthumb -Wl,--start-group -lc -lm -Wl,--end-group
Finished building target: Remote Sensor.elf
 
arm-none-eabi-size   Remote\ Sensor.elf 
arm-none-eabi-objdump -h -S  Remote\ Sensor.elf  > "Remote Sensor.list"
arm-none-eabi-objcopy  -O binary  Remote\ Sensor.elf  "Remote Sensor.bin"
   text	   data	    bss	    dec	    hex	filename
  52640	    440	  44812	  97892	  17e64	Remote Sensor.elf
Finished building: default.size.stdout
 
Finished building: Remote Sensor.bin
 
Finished building: Remote Sensor.list
 
arm-none-eabi-objcopy -O binary "Remote Sensor.elf" "BLE_SampleApp.bin"
 
00:12:35 **** Incremental Build of configuration Debug for project Remote Sensor ****
make -j8 all 
arm-none-eabi-size   Remote\ Sensor.elf 
   text	   data	    bss	    dec	    hex	filename
  52640	    440	  44812	  97892	  17e64	Remote Sensor.elf
Finished building: default.size.stdout
 
arm-none-eabi-objcopy -O binary "Remote Sensor.elf" "BLE_SampleApp.bin"
 
00:13:22 **** Incremental Build of configuration Debug for project Remote Sensor ****
make -j8 all 
arm-none-eabi-gcc "C:/Users/Mateusz/STM32CubeIDE/bck2/remote-measurement-station/Common Source/psrc/ble_decode_callback.c" -mcpu=cortex-m4 -std=gnu11 -g3 -DUSE_HAL_DRIVER -DSTM32_SENSORTILE -DSTM32L476xx -DUSE_STM32L4XX_NUCLEO -c -I../../../Inc -I"C:/Users/Mateusz/STM32CubeIDE/bck2/remote-measurement-station/Common Source/Inc" -I"C:/Users/Mateusz/STM32CubeIDE/bck2/remote-measurement-station/Common Source/Drivers/BSP/Components/Common" -I"C:/Users/Mateusz/STM32CubeIDE/bck2/remote-measurement-station/Common Source/Drivers/BSP/Components/lsm303agr" -I"C:/Users/Mateusz/STM32CubeIDE/bck2/remote-measurement-station/Common Source/Drivers/BSP/Components/lsm6dsm" -I"C:/Users/Mateusz/STM32CubeIDE/bck2/remote-measurement-station/Common Source/Middlewares/ST/BlueNRG-MS/utils" -I"C:/Users/Mateusz/STM32CubeIDE/bck2/remote-measurement-station/Common Source/Middlewares/ST/BlueNRG-MS/includes" -I"C:/Users/Mateusz/STM32CubeIDE/bck2/remote-measurement-station/Common Source/Middlewares/ST/STM32_USB_Device_Library/Core/Inc" -I"C:/Users/Mateusz/STM32CubeIDE/bck2/remote-measurement-station/Common Source/Middlewares/ST/BlueNRG-MS/hci/hci_tl_patterns/Basic" -I"C:/Users/Mateusz/STM32CubeIDE/bck2/remote-measurement-station/Common Source/Middlewares/ST/STM32_USB_Device_Library/Class/CDC/Inc" -I"C:/Users/Mateusz/STM32CubeIDE/bck2/remote-measurement-station/Common Source/Drivers/BSP/Components/lps22hb" -I"C:/Users/Mateusz/STM32CubeIDE/bck2/remote-measurement-station/Common Source/Drivers/BSP/Components/hts221" -I"C:/Users/Mateusz/STM32CubeIDE/bck2/remote-measurement-station/Common Source/Drivers/CMSIS/Include" -I"C:/Users/Mateusz/STM32CubeIDE/bck2/remote-measurement-station/Common Source/Drivers/BSP/SensorTile" -I"C:/Users/Mateusz/STM32CubeIDE/bck2/remote-measurement-station/Common Source/Drivers/STM32L4xx_HAL_Driver/Inc" -I"C:/Users/Mateusz/STM32CubeIDE/bck2/remote-measurement-station/Common Source/Drivers/CMSIS/Device/ST/STM32L4xx/Include" -I"C:/Users/Mateusz/STM32CubeIDE/bck2/remote-measurement-station/Common Source/psrc" -I"C:/Users/Mateusz/STM32CubeIDE/bck2/remote-measurement-station/Common Source/Pin" -I"C:/Users/Mateusz/STM32CubeIDE/bck2/remote-measurement-station/Remote Sensor/BOARD_SPEC" -O0 -ffunction-sections -Wall -fstack-usage -MMD -MP -MF"Remote App/psrc/ble_decode_callback.d" -MT"Remote App/psrc/ble_decode_callback.o" --specs=nano.specs -mfpu=fpv4-sp-d16 -mfloat-abi=hard -mthumb -o "Remote App/psrc/ble_decode_callback.o"
C:/Users/Mateusz/STM32CubeIDE/bck2/remote-measurement-station/Common Source/psrc/ble_decode_callback.c: In function 'BLE_EVNT_CALLBACK':
C:/Users/Mateusz/STM32CubeIDE/bck2/remote-measurement-station/Common Source/psrc/ble_decode_callback.c:717:37: warning: unused variable 'cc' [-Wunused-variable]
         evt_gatt_attr_notification *cc = (void*)blue_evt->data;
                                     ^~
C:/Users/Mateusz/STM32CubeIDE/bck2/remote-measurement-station/Common Source/psrc/ble_decode_callback.c: In function 'DisconnectionComplete_CB':
C:/Users/Mateusz/STM32CubeIDE/bck2/remote-measurement-station/Common Source/psrc/ble_decode_callback.c:874:10: warning: unused variable '__DevNo_DCCB' [-Wunused-variable]
  uint8_t __DevNo_DCCB;
          ^~~~~~~~~~~~
arm-none-eabi-gcc -o "Remote Sensor.elf" @"objects.list"   -mcpu=cortex-m4 -T"../LinkerScript.ld" -Wl,-Map="Remote Sensor.map" -Wl,--gc-sections -static --specs=nano.specs -mfpu=fpv4-sp-d16 -mfloat-abi=hard -mthumb -Wl,--start-group -lc -lm -Wl,--end-group
Finished building target: Remote Sensor.elf
 
arm-none-eabi-size   Remote\ Sensor.elf 
arm-none-eabi-objdump -h -S  Remote\ Sensor.elf  > "Remote Sensor.list"
arm-none-eabi-objcopy  -O binary  Remote\ Sensor.elf  "Remote Sensor.bin"
   text	   data	    bss	    dec	    hex	filename
  52624	    440	  44812	  97876	  17e54	Remote Sensor.elf
Finished building: default.size.stdout
 
Finished building: Remote Sensor.bin
 
Finished building: Remote Sensor.list
 
arm-none-eabi-objcopy -O binary "Remote Sensor.elf" "BLE_SampleApp.bin"
 
00:18:17 **** Incremental Build of configuration Debug for project Remote Sensor ****
make -j8 all 
arm-none-eabi-gcc "C:/Users/Mateusz/STM32CubeIDE/bck2/remote-measurement-station/Common Source/psrc/ble_decode_callback.c" -mcpu=cortex-m4 -std=gnu11 -g3 -DUSE_HAL_DRIVER -DSTM32_SENSORTILE -DSTM32L476xx -DUSE_STM32L4XX_NUCLEO -c -I../../../Inc -I"C:/Users/Mateusz/STM32CubeIDE/bck2/remote-measurement-station/Common Source/Inc" -I"C:/Users/Mateusz/STM32CubeIDE/bck2/remote-measurement-station/Common Source/Drivers/BSP/Components/Common" -I"C:/Users/Mateusz/STM32CubeIDE/bck2/remote-measurement-station/Common Source/Drivers/BSP/Components/lsm303agr" -I"C:/Users/Mateusz/STM32CubeIDE/bck2/remote-measurement-station/Common Source/Drivers/BSP/Components/lsm6dsm" -I"C:/Users/Mateusz/STM32CubeIDE/bck2/remote-measurement-station/Common Source/Middlewares/ST/BlueNRG-MS/utils" -I"C:/Users/Mateusz/STM32CubeIDE/bck2/remote-measurement-station/Common Source/Middlewares/ST/BlueNRG-MS/includes" -I"C:/Users/Mateusz/STM32CubeIDE/bck2/remote-measurement-station/Common Source/Middlewares/ST/STM32_USB_Device_Library/Core/Inc" -I"C:/Users/Mateusz/STM32CubeIDE/bck2/remote-measurement-station/Common Source/Middlewares/ST/BlueNRG-MS/hci/hci_tl_patterns/Basic" -I"C:/Users/Mateusz/STM32CubeIDE/bck2/remote-measurement-station/Common Source/Middlewares/ST/STM32_USB_Device_Library/Class/CDC/Inc" -I"C:/Users/Mateusz/STM32CubeIDE/bck2/remote-measurement-station/Common Source/Drivers/BSP/Components/lps22hb" -I"C:/Users/Mateusz/STM32CubeIDE/bck2/remote-measurement-station/Common Source/Drivers/BSP/Components/hts221" -I"C:/Users/Mateusz/STM32CubeIDE/bck2/remote-measurement-station/Common Source/Drivers/CMSIS/Include" -I"C:/Users/Mateusz/STM32CubeIDE/bck2/remote-measurement-station/Common Source/Drivers/BSP/SensorTile" -I"C:/Users/Mateusz/STM32CubeIDE/bck2/remote-measurement-station/Common Source/Drivers/STM32L4xx_HAL_Driver/Inc" -I"C:/Users/Mateusz/STM32CubeIDE/bck2/remote-measurement-station/Common Source/Drivers/CMSIS/Device/ST/STM32L4xx/Include" -I"C:/Users/Mateusz/STM32CubeIDE/bck2/remote-measurement-station/Common Source/psrc" -I"C:/Users/Mateusz/STM32CubeIDE/bck2/remote-measurement-station/Common Source/Pin" -I"C:/Users/Mateusz/STM32CubeIDE/bck2/remote-measurement-station/Remote Sensor/BOARD_SPEC" -O0 -ffunction-sections -Wall -fstack-usage -MMD -MP -MF"Remote App/psrc/ble_decode_callback.d" -MT"Remote App/psrc/ble_decode_callback.o" --specs=nano.specs -mfpu=fpv4-sp-d16 -mfloat-abi=hard -mthumb -o "Remote App/psrc/ble_decode_callback.o"
C:/Users/Mateusz/STM32CubeIDE/bck2/remote-measurement-station/Common Source/psrc/ble_decode_callback.c: In function 'BLE_EVNT_CALLBACK':
C:/Users/Mateusz/STM32CubeIDE/bck2/remote-measurement-station/Common Source/psrc/ble_decode_callback.c:724:37: warning: unused variable 'cc' [-Wunused-variable]
         evt_gatt_attr_notification *cc = (void*)blue_evt->data;
                                     ^~
C:/Users/Mateusz/STM32CubeIDE/bck2/remote-measurement-station/Common Source/psrc/ble_decode_callback.c: In function 'DisconnectionComplete_CB':
C:/Users/Mateusz/STM32CubeIDE/bck2/remote-measurement-station/Common Source/psrc/ble_decode_callback.c:881:10: warning: unused variable '__DevNo_DCCB' [-Wunused-variable]
  uint8_t __DevNo_DCCB;
          ^~~~~~~~~~~~
C:/Users/Mateusz/STM32CubeIDE/bck2/remote-measurement-station/Common Source/psrc/ble_decode_callback.c: In function 'BLE_WAIT_FOR_TX_POOL':
C:/Users/Mateusz/STM32CubeIDE/bck2/remote-measurement-station/Common Source/psrc/ble_decode_callback.c:1403:1: warning: control reaches end of non-void function [-Wreturn-type]
 }
 ^
arm-none-eabi-gcc -o "Remote Sensor.elf" @"objects.list"   -mcpu=cortex-m4 -T"../LinkerScript.ld" -Wl,-Map="Remote Sensor.map" -Wl,--gc-sections -static --specs=nano.specs -mfpu=fpv4-sp-d16 -mfloat-abi=hard -mthumb -Wl,--start-group -lc -lm -Wl,--end-group
Finished building target: Remote Sensor.elf
 
arm-none-eabi-size   Remote\ Sensor.elf 
arm-none-eabi-objdump -h -S  Remote\ Sensor.elf  > "Remote Sensor.list"
arm-none-eabi-objcopy  -O binary  Remote\ Sensor.elf  "Remote Sensor.bin"
   text	   data	    bss	    dec	    hex	filename
  52648	    440	  44812	  97900	  17e6c	Remote Sensor.elf
Finished building: default.size.stdout
 
Finished building: Remote Sensor.bin
 
Finished building: Remote Sensor.list
 
arm-none-eabi-objcopy -O binary "Remote Sensor.elf" "BLE_SampleApp.bin"
 
00:19:30 **** Incremental Build of configuration Debug for project Remote Sensor ****
make -j8 all 
arm-none-eabi-gcc "C:/Users/Mateusz/STM32CubeIDE/bck2/remote-measurement-station/Common Source/psrc/ble_decode_callback.c" -mcpu=cortex-m4 -std=gnu11 -g3 -DUSE_HAL_DRIVER -DSTM32_SENSORTILE -DSTM32L476xx -DUSE_STM32L4XX_NUCLEO -c -I../../../Inc -I"C:/Users/Mateusz/STM32CubeIDE/bck2/remote-measurement-station/Common Source/Inc" -I"C:/Users/Mateusz/STM32CubeIDE/bck2/remote-measurement-station/Common Source/Drivers/BSP/Components/Common" -I"C:/Users/Mateusz/STM32CubeIDE/bck2/remote-measurement-station/Common Source/Drivers/BSP/Components/lsm303agr" -I"C:/Users/Mateusz/STM32CubeIDE/bck2/remote-measurement-station/Common Source/Drivers/BSP/Components/lsm6dsm" -I"C:/Users/Mateusz/STM32CubeIDE/bck2/remote-measurement-station/Common Source/Middlewares/ST/BlueNRG-MS/utils" -I"C:/Users/Mateusz/STM32CubeIDE/bck2/remote-measurement-station/Common Source/Middlewares/ST/BlueNRG-MS/includes" -I"C:/Users/Mateusz/STM32CubeIDE/bck2/remote-measurement-station/Common Source/Middlewares/ST/STM32_USB_Device_Library/Core/Inc" -I"C:/Users/Mateusz/STM32CubeIDE/bck2/remote-measurement-station/Common Source/Middlewares/ST/BlueNRG-MS/hci/hci_tl_patterns/Basic" -I"C:/Users/Mateusz/STM32CubeIDE/bck2/remote-measurement-station/Common Source/Middlewares/ST/STM32_USB_Device_Library/Class/CDC/Inc" -I"C:/Users/Mateusz/STM32CubeIDE/bck2/remote-measurement-station/Common Source/Drivers/BSP/Components/lps22hb" -I"C:/Users/Mateusz/STM32CubeIDE/bck2/remote-measurement-station/Common Source/Drivers/BSP/Components/hts221" -I"C:/Users/Mateusz/STM32CubeIDE/bck2/remote-measurement-station/Common Source/Drivers/CMSIS/Include" -I"C:/Users/Mateusz/STM32CubeIDE/bck2/remote-measurement-station/Common Source/Drivers/BSP/SensorTile" -I"C:/Users/Mateusz/STM32CubeIDE/bck2/remote-measurement-station/Common Source/Drivers/STM32L4xx_HAL_Driver/Inc" -I"C:/Users/Mateusz/STM32CubeIDE/bck2/remote-measurement-station/Common Source/Drivers/CMSIS/Device/ST/STM32L4xx/Include" -I"C:/Users/Mateusz/STM32CubeIDE/bck2/remote-measurement-station/Common Source/psrc" -I"C:/Users/Mateusz/STM32CubeIDE/bck2/remote-measurement-station/Common Source/Pin" -I"C:/Users/Mateusz/STM32CubeIDE/bck2/remote-measurement-station/Remote Sensor/BOARD_SPEC" -O0 -ffunction-sections -Wall -fstack-usage -MMD -MP -MF"Remote App/psrc/ble_decode_callback.d" -MT"Remote App/psrc/ble_decode_callback.o" --specs=nano.specs -mfpu=fpv4-sp-d16 -mfloat-abi=hard -mthumb -o "Remote App/psrc/ble_decode_callback.o"
C:/Users/Mateusz/STM32CubeIDE/bck2/remote-measurement-station/Common Source/psrc/ble_decode_callback.c: In function 'BLE_EVNT_CALLBACK':
C:/Users/Mateusz/STM32CubeIDE/bck2/remote-measurement-station/Common Source/psrc/ble_decode_callback.c:724:37: warning: unused variable 'cc' [-Wunused-variable]
         evt_gatt_attr_notification *cc = (void*)blue_evt->data;
                                     ^~
C:/Users/Mateusz/STM32CubeIDE/bck2/remote-measurement-station/Common Source/psrc/ble_decode_callback.c: In function 'DisconnectionComplete_CB':
C:/Users/Mateusz/STM32CubeIDE/bck2/remote-measurement-station/Common Source/psrc/ble_decode_callback.c:881:10: warning: unused variable '__DevNo_DCCB' [-Wunused-variable]
  uint8_t __DevNo_DCCB;
          ^~~~~~~~~~~~
arm-none-eabi-gcc -o "Remote Sensor.elf" @"objects.list"   -mcpu=cortex-m4 -T"../LinkerScript.ld" -Wl,-Map="Remote Sensor.map" -Wl,--gc-sections -static --specs=nano.specs -mfpu=fpv4-sp-d16 -mfloat-abi=hard -mthumb -Wl,--start-group -lc -lm -Wl,--end-group
Finished building target: Remote Sensor.elf
 
arm-none-eabi-size   Remote\ Sensor.elf 
arm-none-eabi-objdump -h -S  Remote\ Sensor.elf  > "Remote Sensor.list"
arm-none-eabi-objcopy  -O binary  Remote\ Sensor.elf  "Remote Sensor.bin"
   text	   data	    bss	    dec	    hex	filename
  52688	    440	  44812	  97940	  17e94	Remote Sensor.elf
Finished building: default.size.stdout
 
Finished building: Remote Sensor.bin
 
Finished building: Remote Sensor.list
 
arm-none-eabi-objcopy -O binary "Remote Sensor.elf" "BLE_SampleApp.bin"
 
00:20:25 **** Incremental Build of configuration Debug for project Remote Sensor ****
make -j8 all 
arm-none-eabi-size   Remote\ Sensor.elf 
   text	   data	    bss	    dec	    hex	filename
  52688	    440	  44812	  97940	  17e94	Remote Sensor.elf
Finished building: default.size.stdout
 
arm-none-eabi-objcopy -O binary "Remote Sensor.elf" "BLE_SampleApp.bin"
 
00:23:30 **** Incremental Build of configuration Debug for project Remote Sensor ****
make -j8 all 
arm-none-eabi-gcc "C:/Users/Mateusz/STM32CubeIDE/bck2/remote-measurement-station/Common Source/psrc/ble_decode_callback.c" -mcpu=cortex-m4 -std=gnu11 -g3 -DUSE_HAL_DRIVER -DSTM32_SENSORTILE -DSTM32L476xx -DUSE_STM32L4XX_NUCLEO -c -I../../../Inc -I"C:/Users/Mateusz/STM32CubeIDE/bck2/remote-measurement-station/Common Source/Inc" -I"C:/Users/Mateusz/STM32CubeIDE/bck2/remote-measurement-station/Common Source/Drivers/BSP/Components/Common" -I"C:/Users/Mateusz/STM32CubeIDE/bck2/remote-measurement-station/Common Source/Drivers/BSP/Components/lsm303agr" -I"C:/Users/Mateusz/STM32CubeIDE/bck2/remote-measurement-station/Common Source/Drivers/BSP/Components/lsm6dsm" -I"C:/Users/Mateusz/STM32CubeIDE/bck2/remote-measurement-station/Common Source/Middlewares/ST/BlueNRG-MS/utils" -I"C:/Users/Mateusz/STM32CubeIDE/bck2/remote-measurement-station/Common Source/Middlewares/ST/BlueNRG-MS/includes" -I"C:/Users/Mateusz/STM32CubeIDE/bck2/remote-measurement-station/Common Source/Middlewares/ST/STM32_USB_Device_Library/Core/Inc" -I"C:/Users/Mateusz/STM32CubeIDE/bck2/remote-measurement-station/Common Source/Middlewares/ST/BlueNRG-MS/hci/hci_tl_patterns/Basic" -I"C:/Users/Mateusz/STM32CubeIDE/bck2/remote-measurement-station/Common Source/Middlewares/ST/STM32_USB_Device_Library/Class/CDC/Inc" -I"C:/Users/Mateusz/STM32CubeIDE/bck2/remote-measurement-station/Common Source/Drivers/BSP/Components/lps22hb" -I"C:/Users/Mateusz/STM32CubeIDE/bck2/remote-measurement-station/Common Source/Drivers/BSP/Components/hts221" -I"C:/Users/Mateusz/STM32CubeIDE/bck2/remote-measurement-station/Common Source/Drivers/CMSIS/Include" -I"C:/Users/Mateusz/STM32CubeIDE/bck2/remote-measurement-station/Common Source/Drivers/BSP/SensorTile" -I"C:/Users/Mateusz/STM32CubeIDE/bck2/remote-measurement-station/Common Source/Drivers/STM32L4xx_HAL_Driver/Inc" -I"C:/Users/Mateusz/STM32CubeIDE/bck2/remote-measurement-station/Common Source/Drivers/CMSIS/Device/ST/STM32L4xx/Include" -I"C:/Users/Mateusz/STM32CubeIDE/bck2/remote-measurement-station/Common Source/psrc" -I"C:/Users/Mateusz/STM32CubeIDE/bck2/remote-measurement-station/Common Source/Pin" -I"C:/Users/Mateusz/STM32CubeIDE/bck2/remote-measurement-station/Remote Sensor/BOARD_SPEC" -O0 -ffunction-sections -Wall -fstack-usage -MMD -MP -MF"Remote App/psrc/ble_decode_callback.d" -MT"Remote App/psrc/ble_decode_callback.o" --specs=nano.specs -mfpu=fpv4-sp-d16 -mfloat-abi=hard -mthumb -o "Remote App/psrc/ble_decode_callback.o"
C:/Users/Mateusz/STM32CubeIDE/bck2/remote-measurement-station/Common Source/psrc/ble_decode_callback.c: In function 'BLE_EVNT_CALLBACK':
C:/Users/Mateusz/STM32CubeIDE/bck2/remote-measurement-station/Common Source/psrc/ble_decode_callback.c:724:37: warning: unused variable 'cc' [-Wunused-variable]
         evt_gatt_attr_notification *cc = (void*)blue_evt->data;
                                     ^~
C:/Users/Mateusz/STM32CubeIDE/bck2/remote-measurement-station/Common Source/psrc/ble_decode_callback.c: In function 'DisconnectionComplete_CB':
C:/Users/Mateusz/STM32CubeIDE/bck2/remote-measurement-station/Common Source/psrc/ble_decode_callback.c:881:10: warning: unused variable '__DevNo_DCCB' [-Wunused-variable]
  uint8_t __DevNo_DCCB;
          ^~~~~~~~~~~~
arm-none-eabi-gcc -o "Remote Sensor.elf" @"objects.list"   -mcpu=cortex-m4 -T"../LinkerScript.ld" -Wl,-Map="Remote Sensor.map" -Wl,--gc-sections -static --specs=nano.specs -mfpu=fpv4-sp-d16 -mfloat-abi=hard -mthumb -Wl,--start-group -lc -lm -Wl,--end-group
Finished building target: Remote Sensor.elf
 
arm-none-eabi-size   Remote\ Sensor.elf 
arm-none-eabi-objdump -h -S  Remote\ Sensor.elf  > "Remote Sensor.list"
arm-none-eabi-objcopy  -O binary  Remote\ Sensor.elf  "Remote Sensor.bin"
   text	   data	    bss	    dec	    hex	filename
  52704	    440	  44812	  97956	  17ea4	Remote Sensor.elf
Finished building: default.size.stdout
 
Finished building: Remote Sensor.bin
 
Finished building: Remote Sensor.list
 
arm-none-eabi-objcopy -O binary "Remote Sensor.elf" "BLE_SampleApp.bin"
 
00:25:14 **** Incremental Build of configuration Debug for project Remote Sensor ****
make -j8 all 
arm-none-eabi-gcc "C:/Users/Mateusz/STM32CubeIDE/bck2/remote-measurement-station/Common Source/psrc/ble_decode_callback.c" -mcpu=cortex-m4 -std=gnu11 -g3 -DUSE_HAL_DRIVER -DSTM32_SENSORTILE -DSTM32L476xx -DUSE_STM32L4XX_NUCLEO -c -I../../../Inc -I"C:/Users/Mateusz/STM32CubeIDE/bck2/remote-measurement-station/Common Source/Inc" -I"C:/Users/Mateusz/STM32CubeIDE/bck2/remote-measurement-station/Common Source/Drivers/BSP/Components/Common" -I"C:/Users/Mateusz/STM32CubeIDE/bck2/remote-measurement-station/Common Source/Drivers/BSP/Components/lsm303agr" -I"C:/Users/Mateusz/STM32CubeIDE/bck2/remote-measurement-station/Common Source/Drivers/BSP/Components/lsm6dsm" -I"C:/Users/Mateusz/STM32CubeIDE/bck2/remote-measurement-station/Common Source/Middlewares/ST/BlueNRG-MS/utils" -I"C:/Users/Mateusz/STM32CubeIDE/bck2/remote-measurement-station/Common Source/Middlewares/ST/BlueNRG-MS/includes" -I"C:/Users/Mateusz/STM32CubeIDE/bck2/remote-measurement-station/Common Source/Middlewares/ST/STM32_USB_Device_Library/Core/Inc" -I"C:/Users/Mateusz/STM32CubeIDE/bck2/remote-measurement-station/Common Source/Middlewares/ST/BlueNRG-MS/hci/hci_tl_patterns/Basic" -I"C:/Users/Mateusz/STM32CubeIDE/bck2/remote-measurement-station/Common Source/Middlewares/ST/STM32_USB_Device_Library/Class/CDC/Inc" -I"C:/Users/Mateusz/STM32CubeIDE/bck2/remote-measurement-station/Common Source/Drivers/BSP/Components/lps22hb" -I"C:/Users/Mateusz/STM32CubeIDE/bck2/remote-measurement-station/Common Source/Drivers/BSP/Components/hts221" -I"C:/Users/Mateusz/STM32CubeIDE/bck2/remote-measurement-station/Common Source/Drivers/CMSIS/Include" -I"C:/Users/Mateusz/STM32CubeIDE/bck2/remote-measurement-station/Common Source/Drivers/BSP/SensorTile" -I"C:/Users/Mateusz/STM32CubeIDE/bck2/remote-measurement-station/Common Source/Drivers/STM32L4xx_HAL_Driver/Inc" -I"C:/Users/Mateusz/STM32CubeIDE/bck2/remote-measurement-station/Common Source/Drivers/CMSIS/Device/ST/STM32L4xx/Include" -I"C:/Users/Mateusz/STM32CubeIDE/bck2/remote-measurement-station/Common Source/psrc" -I"C:/Users/Mateusz/STM32CubeIDE/bck2/remote-measurement-station/Common Source/Pin" -I"C:/Users/Mateusz/STM32CubeIDE/bck2/remote-measurement-station/Remote Sensor/BOARD_SPEC" -O0 -ffunction-sections -Wall -fstack-usage -MMD -MP -MF"Remote App/psrc/ble_decode_callback.d" -MT"Remote App/psrc/ble_decode_callback.o" --specs=nano.specs -mfpu=fpv4-sp-d16 -mfloat-abi=hard -mthumb -o "Remote App/psrc/ble_decode_callback.o"
C:/Users/Mateusz/STM32CubeIDE/bck2/remote-measurement-station/Common Source/psrc/ble_decode_callback.c: In function 'BLE_EVNT_CALLBACK':
C:/Users/Mateusz/STM32CubeIDE/bck2/remote-measurement-station/Common Source/psrc/ble_decode_callback.c:725:37: warning: unused variable 'cc' [-Wunused-variable]
         evt_gatt_attr_notification *cc = (void*)blue_evt->data;
                                     ^~
C:/Users/Mateusz/STM32CubeIDE/bck2/remote-measurement-station/Common Source/psrc/ble_decode_callback.c: In function 'DisconnectionComplete_CB':
C:/Users/Mateusz/STM32CubeIDE/bck2/remote-measurement-station/Common Source/psrc/ble_decode_callback.c:882:10: warning: unused variable '__DevNo_DCCB' [-Wunused-variable]
  uint8_t __DevNo_DCCB;
          ^~~~~~~~~~~~
arm-none-eabi-gcc -o "Remote Sensor.elf" @"objects.list"   -mcpu=cortex-m4 -T"../LinkerScript.ld" -Wl,-Map="Remote Sensor.map" -Wl,--gc-sections -static --specs=nano.specs -mfpu=fpv4-sp-d16 -mfloat-abi=hard -mthumb -Wl,--start-group -lc -lm -Wl,--end-group
Finished building target: Remote Sensor.elf
 
arm-none-eabi-size   Remote\ Sensor.elf 
arm-none-eabi-objdump -h -S  Remote\ Sensor.elf  > "Remote Sensor.list"
arm-none-eabi-objcopy  -O binary  Remote\ Sensor.elf  "Remote Sensor.bin"
   text	   data	    bss	    dec	    hex	filename
  52712	    440	  44812	  97964	  17eac	Remote Sensor.elf
Finished building: default.size.stdout
 
Finished building: Remote Sensor.bin
 
Finished building: Remote Sensor.list
 
arm-none-eabi-objcopy -O binary "Remote Sensor.elf" "BLE_SampleApp.bin"
 
