00:24:33 **** Incremental Build of configuration Debug for project P_INZ ****
make -j8 all 
arm-none-eabi-gcc "C:/Users/Mateusz/STM32CubeIDE/GIT/remote-measurement-station/Common Source/psrc/station_specific.c" -mcpu=cortex-m4 -std=gnu11 -g3 '-DUSE_HAL_UART_REGISTER_CALLBACKS=1' -DUSE_HAL_DRIVER -DSTM32F401xE -DDEBUG -c -I../Middlewares/ST/BlueNRG-MS/hci/hci_tl_patterns/Basic -I../Middlewares/ST/BlueNRG-MS/includes -I../Drivers/CMSIS/Include -I../Drivers/STM32F4xx_HAL_Driver/Inc -I../Core/Inc -I../BlueNRG-MS/Target -I../Drivers/CMSIS/Device/ST/STM32F4xx/Include -I../Middlewares/ST/BlueNRG-MS/utils -I../Drivers/STM32F4xx_HAL_Driver/Inc/Legacy -I"C:/Users/Mateusz/STM32CubeIDE/GIT/remote-measurement-station/Common Source/Pin" -I"C:/Users/Mateusz/STM32CubeIDE/GIT/remote-measurement-station/Common Source/Pin" -I"C:/Users/Mateusz/STM32CubeIDE/GIT/remote-measurement-station/Common Source/psrc" -O0 -ffunction-sections -fdata-sections -Wall -fstack-usage -MMD -MP -MF"Core/psrc/station_specific.d" -MT"Core/psrc/station_specific.o" --specs=nano.specs -mfpu=fpv4-sp-d16 -mfloat-abi=hard -mthumb -o "Core/psrc/station_specific.o"
In file included from ../Middlewares/ST/BlueNRG-MS/hci/hci_tl_patterns/Basic/hci_tl.h:22:0,
                 from ../Middlewares/ST/BlueNRG-MS/includes/hci_const.h:14,
                 from C:/Users/Mateusz/STM32CubeIDE/GIT/remote-measurement-station/Common Source/Pin/SpecialTypes.h:12,
                 from C:/Users/Mateusz/STM32CubeIDE/GIT/remote-measurement-station/Common Source/Pin/station_specific.h:11,
                 from C:/Users/Mateusz/STM32CubeIDE/GIT/remote-measurement-station/Common Source/psrc/station_specific.c:7:
../BlueNRG-MS/Target/bluenrg_conf.h:36:0: warning: "DEBUG" redefined
 #define DEBUG      0
 
<command-line>:0:0: note: this is the location of the previous definition
C:/Users/Mateusz/STM32CubeIDE/GIT/remote-measurement-station/Common Source/psrc/station_specific.c: In function 'BLE_GET_DATA':
C:/Users/Mateusz/STM32CubeIDE/GIT/remote-measurement-station/Common Source/psrc/station_specific.c:372:2: warning: enumeration value 'EMPTY' not handled in switch [-Wswitch]
  switch(Data->eDataTypes){
  ^~~~~~
C:/Users/Mateusz/STM32CubeIDE/GIT/remote-measurement-station/Common Source/psrc/station_specific.c:372:2: warning: enumeration value 'FLOAT' not handled in switch [-Wswitch]
C:/Users/Mateusz/STM32CubeIDE/GIT/remote-measurement-station/Common Source/psrc/station_specific.c:372:2: warning: enumeration value 'STRING' not handled in switch [-Wswitch]
C:/Users/Mateusz/STM32CubeIDE/GIT/remote-measurement-station/Common Source/psrc/station_specific.c: In function 'Data_Recv_Single':
C:/Users/Mateusz/STM32CubeIDE/GIT/remote-measurement-station/Common Source/psrc/station_specific.c:407:26: warning: format '%d' expects argument of type 'int', but argument 3 has type 'int32_t {aka long int}' [-Wformat=]
  len = sprintf(Message,"%d %d %d\n", paData->x, paData->y,paData->z);
                         ~^           ~~~~~~~~~
                         %ld
C:/Users/Mateusz/STM32CubeIDE/GIT/remote-measurement-station/Common Source/psrc/station_specific.c:407:29: warning: format '%d' expects argument of type 'int', but argument 4 has type 'int32_t {aka long int}' [-Wformat=]
  len = sprintf(Message,"%d %d %d\n", paData->x, paData->y,paData->z);
                            ~^                   ~~~~~~~~~
                            %ld
C:/Users/Mateusz/STM32CubeIDE/GIT/remote-measurement-station/Common Source/psrc/station_specific.c:407:32: warning: format '%d' expects argument of type 'int', but argument 5 has type 'int32_t {aka long int}' [-Wformat=]
  len = sprintf(Message,"%d %d %d\n", paData->x, paData->y,paData->z);
                               ~^                          ~~~~~~~~~
                               %ld
arm-none-eabi-g++ -o "P_INZ.elf" @"objects.list"   -mcpu=cortex-m4 -T"C:\Users\Mateusz\STM32CubeIDE\GIT\remote-measurement-station\P_INZ\STM32F401RETX_FLASH.ld" --specs=nosys.specs -Wl,-Map="P_INZ.map" -Wl,--gc-sections -static --specs=nano.specs -mfpu=fpv4-sp-d16 -mfloat-abi=hard -mthumb -Wl,--start-group -lc -lm -lstdc++ -lsupc++ -Wl,--end-group
Finished building target: P_INZ.elf
 
arm-none-eabi-objdump -h -S  P_INZ.elf  > "P_INZ.list"
arm-none-eabi-objcopy  -O binary  P_INZ.elf  "P_INZ.bin"
arm-none-eabi-size   P_INZ.elf 
   text	   data	    bss	    dec	    hex	filename
  30460	    688	   3528	  34676	   8774	P_INZ.elf
Finished building: default.size.stdout
 
Finished building: P_INZ.bin
 
Finished building: P_INZ.list
 

00:24:35 Build Finished. 0 errors, 7 warnings. (took 1s.568ms)

